[0.481s] Invoking command in '/home/rajana/ros2_ws/build/my_py_pkg': PYTHONPATH=/home/rajana/ros2_ws/build/my_py_pkg/prefix_override:/home/rajana/ros2_ws/install/my_py_pkg/lib/python3.10/site-packages:${PYTHONPATH} /usr/bin/python3 setup.py develop --editable --build-directory /home/rajana/ros2_ws/build/my_py_pkg/build --no-deps install_data
[0.679s] running develop
[1.023s] /usr/lib/python3/dist-packages/setuptools/command/easy_install.py:158: EasyInstallDeprecationWarning: easy_install command is deprecated. Use build and pip and other standards-based tools.
[1.023s]   warnings.warn(
[1.027s] /usr/lib/python3/dist-packages/setuptools/command/install.py:34: SetuptoolsDeprecationWarning: setup.py install is deprecated. Use build and pip and other standards-based tools.
[1.027s]   warnings.warn(
[1.149s] running egg_info
[1.149s] writing my_py_pkg.egg-info/PKG-INFO
[1.150s] writing dependency_links to my_py_pkg.egg-info/dependency_links.txt
[1.150s] writing entry points to my_py_pkg.egg-info/entry_points.txt
[1.150s] writing requirements to my_py_pkg.egg-info/requires.txt
[1.150s] writing top-level names to my_py_pkg.egg-info/top_level.txt
[1.152s] reading manifest file 'my_py_pkg.egg-info/SOURCES.txt'
[1.152s] writing manifest file 'my_py_pkg.egg-info/SOURCES.txt'
[1.153s] running build_ext
[1.154s] Creating /home/rajana/ros2_ws/install/my_py_pkg/lib/python3.10/site-packages/my-py-pkg.egg-link (link to .)
[1.154s] Installing py_node script to /home/rajana/ros2_ws/install/my_py_pkg/lib/my_py_pkg
[1.155s] 
[1.155s] Installed /home/rajana/ros2_ws/build/my_py_pkg
[1.155s] running install_data
[1.183s] Invoked command in '/home/rajana/ros2_ws/build/my_py_pkg' returned '0': PYTHONPATH=/home/rajana/ros2_ws/build/my_py_pkg/prefix_override:/home/rajana/ros2_ws/install/my_py_pkg/lib/python3.10/site-packages:${PYTHONPATH} /usr/bin/python3 setup.py develop --editable --build-directory /home/rajana/ros2_ws/build/my_py_pkg/build --no-deps install_data
