[5.075s] DEBUG:colcon:Command line arguments: ['/usr/bin/colcon', 'build']
[5.076s] DEBUG:colcon:Parsed command line arguments: Namespace(log_base=None, log_level=None, verb_name='build', build_base='build', install_base='install', merge_install=False, symlink_install=False, test_result_base=None, continue_on_error=False, executor='parallel', parallel_workers=8, event_handlers=None, ignore_user_meta=False, metas=['./colcon.meta'], base_paths=['.'], packages_ignore=None, packages_ignore_regex=None, paths=None, packages_up_to=None, packages_up_to_regex=None, packages_above=None, packages_above_and_dependencies=None, packages_above_depth=None, packages_select_by_dep=None, packages_skip_by_dep=None, packages_skip_up_to=None, packages_select_build_failed=False, packages_skip_build_finished=False, packages_select_test_failures=False, packages_skip_test_passed=False, packages_select=None, packages_skip=None, packages_select_regex=None, packages_skip_regex=None, packages_start=None, packages_end=None, allow_overriding=[], cmake_args=None, cmake_target=None, cmake_target_skip_unavailable=False, cmake_clean_cache=False, cmake_clean_first=False, cmake_force_configure=False, ament_cmake_args=None, catkin_cmake_args=None, catkin_skip_building_tests=False, verb_parser=<colcon_defaults.argument_parser.defaults.DefaultArgumentsDecorator object at 0x7f7d117915a0>, verb_extension=<colcon_core.verb.build.BuildVerb object at 0x7f7d11f89f00>, main=<bound method BuildVerb.main of <colcon_core.verb.build.BuildVerb object at 0x7f7d11f89f00>>)
[5.581s] Level 1:colcon.colcon_core.package_discovery:discover_packages(colcon_meta) check parameters
[5.582s] Level 1:colcon.colcon_core.package_discovery:discover_packages(recursive) check parameters
[5.582s] Level 1:colcon.colcon_core.package_discovery:discover_packages(ignore) check parameters
[5.582s] Level 1:colcon.colcon_core.package_discovery:discover_packages(path) check parameters
[5.582s] Level 1:colcon.colcon_core.package_discovery:discover_packages(colcon_meta) discover
[5.582s] Level 1:colcon.colcon_core.package_discovery:discover_packages(recursive) discover
[5.582s] INFO:colcon.colcon_core.package_discovery:Crawling recursively for packages in '/home/rajana/ros2_ws'
[5.582s] Level 1:colcon.colcon_core.package_identification:_identify(.) by extensions ['ignore', 'ignore_ament_install']
[5.583s] Level 1:colcon.colcon_core.package_identification:_identify(.) by extension 'ignore'
[5.583s] Level 1:colcon.colcon_core.package_identification:_identify(.) by extension 'ignore_ament_install'
[5.583s] Level 1:colcon.colcon_core.package_identification:_identify(.) by extensions ['colcon_pkg']
[5.583s] Level 1:colcon.colcon_core.package_identification:_identify(.) by extension 'colcon_pkg'
[5.583s] Level 1:colcon.colcon_core.package_identification:_identify(.) by extensions ['colcon_meta']
[5.583s] Level 1:colcon.colcon_core.package_identification:_identify(.) by extension 'colcon_meta'
[5.583s] Level 1:colcon.colcon_core.package_identification:_identify(.) by extensions ['ros']
[5.583s] Level 1:colcon.colcon_core.package_identification:_identify(.) by extension 'ros'
[5.654s] Level 1:colcon.colcon_core.package_identification:_identify(.) by extensions ['cmake', 'python']
[5.654s] Level 1:colcon.colcon_core.package_identification:_identify(.) by extension 'cmake'
[5.654s] Level 1:colcon.colcon_core.package_identification:_identify(.) by extension 'python'
[5.654s] Level 1:colcon.colcon_core.package_identification:_identify(.) by extensions ['python_setup_py']
[5.654s] Level 1:colcon.colcon_core.package_identification:_identify(.) by extension 'python_setup_py'
[5.655s] Level 1:colcon.colcon_core.package_identification:_identify(build) by extensions ['ignore', 'ignore_ament_install']
[5.655s] Level 1:colcon.colcon_core.package_identification:_identify(build) by extension 'ignore'
[5.655s] Level 1:colcon.colcon_core.package_identification:_identify(build) ignored
[5.655s] Level 1:colcon.colcon_core.package_identification:_identify(install) by extensions ['ignore', 'ignore_ament_install']
[5.655s] Level 1:colcon.colcon_core.package_identification:_identify(install) by extension 'ignore'
[5.655s] Level 1:colcon.colcon_core.package_identification:_identify(install) ignored
[5.655s] Level 1:colcon.colcon_core.package_identification:_identify(log) by extensions ['ignore', 'ignore_ament_install']
[5.655s] Level 1:colcon.colcon_core.package_identification:_identify(log) by extension 'ignore'
[5.655s] Level 1:colcon.colcon_core.package_identification:_identify(log) ignored
[5.655s] Level 1:colcon.colcon_core.package_identification:_identify(src) by extensions ['ignore', 'ignore_ament_install']
[5.655s] Level 1:colcon.colcon_core.package_identification:_identify(src) by extension 'ignore'
[5.655s] Level 1:colcon.colcon_core.package_identification:_identify(src) by extension 'ignore_ament_install'
[5.655s] Level 1:colcon.colcon_core.package_identification:_identify(src) by extensions ['colcon_pkg']
[5.655s] Level 1:colcon.colcon_core.package_identification:_identify(src) by extension 'colcon_pkg'
[5.655s] Level 1:colcon.colcon_core.package_identification:_identify(src) by extensions ['colcon_meta']
[5.655s] Level 1:colcon.colcon_core.package_identification:_identify(src) by extension 'colcon_meta'
[5.656s] Level 1:colcon.colcon_core.package_identification:_identify(src) by extensions ['ros']
[5.656s] Level 1:colcon.colcon_core.package_identification:_identify(src) by extension 'ros'
[5.656s] Level 1:colcon.colcon_core.package_identification:_identify(src) by extensions ['cmake', 'python']
[5.656s] Level 1:colcon.colcon_core.package_identification:_identify(src) by extension 'cmake'
[5.656s] Level 1:colcon.colcon_core.package_identification:_identify(src) by extension 'python'
[5.656s] Level 1:colcon.colcon_core.package_identification:_identify(src) by extensions ['python_setup_py']
[5.656s] Level 1:colcon.colcon_core.package_identification:_identify(src) by extension 'python_setup_py'
[5.656s] Level 1:colcon.colcon_core.package_identification:_identify(src/build) by extensions ['ignore', 'ignore_ament_install']
[5.656s] Level 1:colcon.colcon_core.package_identification:_identify(src/build) by extension 'ignore'
[5.656s] Level 1:colcon.colcon_core.package_identification:_identify(src/build) ignored
[5.656s] Level 1:colcon.colcon_core.package_identification:_identify(src/install) by extensions ['ignore', 'ignore_ament_install']
[5.656s] Level 1:colcon.colcon_core.package_identification:_identify(src/install) by extension 'ignore'
[5.656s] Level 1:colcon.colcon_core.package_identification:_identify(src/install) ignored
[5.656s] Level 1:colcon.colcon_core.package_identification:_identify(src/log) by extensions ['ignore', 'ignore_ament_install']
[5.656s] Level 1:colcon.colcon_core.package_identification:_identify(src/log) by extension 'ignore'
[5.656s] Level 1:colcon.colcon_core.package_identification:_identify(src/log) ignored
[5.656s] Level 1:colcon.colcon_core.package_identification:_identify(src/my_cpp_pkg) by extensions ['ignore', 'ignore_ament_install']
[5.656s] Level 1:colcon.colcon_core.package_identification:_identify(src/my_cpp_pkg) by extension 'ignore'
[5.656s] Level 1:colcon.colcon_core.package_identification:_identify(src/my_cpp_pkg) by extension 'ignore_ament_install'
[5.656s] Level 1:colcon.colcon_core.package_identification:_identify(src/my_cpp_pkg) by extensions ['colcon_pkg']
[5.656s] Level 1:colcon.colcon_core.package_identification:_identify(src/my_cpp_pkg) by extension 'colcon_pkg'
[5.656s] Level 1:colcon.colcon_core.package_identification:_identify(src/my_cpp_pkg) by extensions ['colcon_meta']
[5.656s] Level 1:colcon.colcon_core.package_identification:_identify(src/my_cpp_pkg) by extension 'colcon_meta'
[5.656s] Level 1:colcon.colcon_core.package_identification:_identify(src/my_cpp_pkg) by extensions ['ros']
[5.656s] Level 1:colcon.colcon_core.package_identification:_identify(src/my_cpp_pkg) by extension 'ros'
[5.704s] DEBUG:colcon.colcon_core.package_identification:Package 'src/my_cpp_pkg' with type 'ros.ament_cmake' and name 'my_cpp_pkg'
[5.704s] Level 1:colcon.colcon_core.package_identification:_identify(src/my_py_pkg) by extensions ['ignore', 'ignore_ament_install']
[5.704s] Level 1:colcon.colcon_core.package_identification:_identify(src/my_py_pkg) by extension 'ignore'
[5.705s] Level 1:colcon.colcon_core.package_identification:_identify(src/my_py_pkg) by extension 'ignore_ament_install'
[5.705s] Level 1:colcon.colcon_core.package_identification:_identify(src/my_py_pkg) by extensions ['colcon_pkg']
[5.705s] Level 1:colcon.colcon_core.package_identification:_identify(src/my_py_pkg) by extension 'colcon_pkg'
[5.705s] Level 1:colcon.colcon_core.package_identification:_identify(src/my_py_pkg) by extensions ['colcon_meta']
[5.705s] Level 1:colcon.colcon_core.package_identification:_identify(src/my_py_pkg) by extension 'colcon_meta'
[5.705s] Level 1:colcon.colcon_core.package_identification:_identify(src/my_py_pkg) by extensions ['ros']
[5.705s] Level 1:colcon.colcon_core.package_identification:_identify(src/my_py_pkg) by extension 'ros'
[5.725s] DEBUG:colcon.colcon_core.package_identification:Package 'src/my_py_pkg' with type 'ros.ament_python' and name 'my_py_pkg'
[5.725s] Level 1:colcon.colcon_core.package_discovery:discover_packages(recursive) using defaults
[5.726s] Level 1:colcon.colcon_core.package_discovery:discover_packages(ignore) discover
[5.726s] Level 1:colcon.colcon_core.package_discovery:discover_packages(ignore) using defaults
[5.726s] Level 1:colcon.colcon_core.package_discovery:discover_packages(path) discover
[5.726s] Level 1:colcon.colcon_core.package_discovery:discover_packages(path) using defaults
[5.880s] Level 1:colcon.colcon_core.package_discovery:discover_packages(prefix_path) check parameters
[5.880s] Level 1:colcon.colcon_core.package_discovery:discover_packages(prefix_path) discover
[5.900s] DEBUG:colcon.colcon_installed_package_information.package_discovery:Found 2 installed packages in /home/rajana/ros2_ws/install
[5.903s] DEBUG:colcon.colcon_installed_package_information.package_discovery:Found 270 installed packages in /opt/ros/humble
[5.906s] Level 1:colcon.colcon_core.package_discovery:discover_packages(prefix_path) using defaults
[5.986s] Level 5:colcon.colcon_core.verb:set package 'my_cpp_pkg' build argument 'cmake_args' from command line to 'None'
[5.986s] Level 5:colcon.colcon_core.verb:set package 'my_cpp_pkg' build argument 'cmake_target' from command line to 'None'
[5.986s] Level 5:colcon.colcon_core.verb:set package 'my_cpp_pkg' build argument 'cmake_target_skip_unavailable' from command line to 'False'
[5.986s] Level 5:colcon.colcon_core.verb:set package 'my_cpp_pkg' build argument 'cmake_clean_cache' from command line to 'False'
[5.986s] Level 5:colcon.colcon_core.verb:set package 'my_cpp_pkg' build argument 'cmake_clean_first' from command line to 'False'
[5.986s] Level 5:colcon.colcon_core.verb:set package 'my_cpp_pkg' build argument 'cmake_force_configure' from command line to 'False'
[5.986s] Level 5:colcon.colcon_core.verb:set package 'my_cpp_pkg' build argument 'ament_cmake_args' from command line to 'None'
[5.986s] Level 5:colcon.colcon_core.verb:set package 'my_cpp_pkg' build argument 'catkin_cmake_args' from command line to 'None'
[5.986s] Level 5:colcon.colcon_core.verb:set package 'my_cpp_pkg' build argument 'catkin_skip_building_tests' from command line to 'False'
[5.987s] DEBUG:colcon.colcon_core.verb:Building package 'my_cpp_pkg' with the following arguments: {'ament_cmake_args': None, 'build_base': '/home/rajana/ros2_ws/build/my_cpp_pkg', 'catkin_cmake_args': None, 'catkin_skip_building_tests': False, 'cmake_args': None, 'cmake_clean_cache': False, 'cmake_clean_first': False, 'cmake_force_configure': False, 'cmake_target': None, 'cmake_target_skip_unavailable': False, 'install_base': '/home/rajana/ros2_ws/install/my_cpp_pkg', 'merge_install': False, 'path': '/home/rajana/ros2_ws/src/my_cpp_pkg', 'symlink_install': False, 'test_result_base': None}
[5.987s] Level 5:colcon.colcon_core.verb:set package 'my_py_pkg' build argument 'cmake_args' from command line to 'None'
[5.987s] Level 5:colcon.colcon_core.verb:set package 'my_py_pkg' build argument 'cmake_target' from command line to 'None'
[5.987s] Level 5:colcon.colcon_core.verb:set package 'my_py_pkg' build argument 'cmake_target_skip_unavailable' from command line to 'False'
[5.987s] Level 5:colcon.colcon_core.verb:set package 'my_py_pkg' build argument 'cmake_clean_cache' from command line to 'False'
[5.988s] Level 5:colcon.colcon_core.verb:set package 'my_py_pkg' build argument 'cmake_clean_first' from command line to 'False'
[5.988s] Level 5:colcon.colcon_core.verb:set package 'my_py_pkg' build argument 'cmake_force_configure' from command line to 'False'
[5.988s] Level 5:colcon.colcon_core.verb:set package 'my_py_pkg' build argument 'ament_cmake_args' from command line to 'None'
[5.988s] Level 5:colcon.colcon_core.verb:set package 'my_py_pkg' build argument 'catkin_cmake_args' from command line to 'None'
[5.988s] Level 5:colcon.colcon_core.verb:set package 'my_py_pkg' build argument 'catkin_skip_building_tests' from command line to 'False'
[5.988s] DEBUG:colcon.colcon_core.verb:Building package 'my_py_pkg' with the following arguments: {'ament_cmake_args': None, 'build_base': '/home/rajana/ros2_ws/build/my_py_pkg', 'catkin_cmake_args': None, 'catkin_skip_building_tests': False, 'cmake_args': None, 'cmake_clean_cache': False, 'cmake_clean_first': False, 'cmake_force_configure': False, 'cmake_target': None, 'cmake_target_skip_unavailable': False, 'install_base': '/home/rajana/ros2_ws/install/my_py_pkg', 'merge_install': False, 'path': '/home/rajana/ros2_ws/src/my_py_pkg', 'symlink_install': False, 'test_result_base': None}
[5.988s] INFO:colcon.colcon_core.executor:Executing jobs using 'parallel' executor
[5.991s] DEBUG:colcon.colcon_parallel_executor.executor.parallel:run_until_complete
[5.991s] INFO:colcon.colcon_ros.task.ament_cmake.build:Building ROS package in '/home/rajana/ros2_ws/src/my_cpp_pkg' with build type 'ament_cmake'
[5.991s] INFO:colcon.colcon_cmake.task.cmake.build:Building CMake package in '/home/rajana/ros2_ws/src/my_cpp_pkg'
[6.087s] INFO:colcon.colcon_core.plugin_system:Skipping extension 'colcon_core.shell.bat': Not used on non-Windows systems
[6.087s] INFO:colcon.colcon_core.shell:Skip shell extension 'powershell' for command environment: Not usable outside of PowerShell
[6.087s] DEBUG:colcon.colcon_core.shell:Skip shell extension 'dsv' for command environment
[6.147s] INFO:colcon.colcon_ros.task.ament_python.build:Building ROS package in '/home/rajana/ros2_ws/src/my_py_pkg' with build type 'ament_python'
[6.147s] Level 1:colcon.colcon_core.shell:create_environment_hook('my_py_pkg', 'ament_prefix_path')
[6.150s] INFO:colcon.colcon_core.shell:Creating environment hook '/home/rajana/ros2_ws/install/my_py_pkg/share/my_py_pkg/hook/ament_prefix_path.ps1'
[6.157s] INFO:colcon.colcon_core.shell:Creating environment descriptor '/home/rajana/ros2_ws/install/my_py_pkg/share/my_py_pkg/hook/ament_prefix_path.dsv'
[6.159s] INFO:colcon.colcon_core.shell:Creating environment hook '/home/rajana/ros2_ws/install/my_py_pkg/share/my_py_pkg/hook/ament_prefix_path.sh'
[6.163s] INFO:colcon.colcon_core.shell:Skip shell extension 'powershell' for command environment: Not usable outside of PowerShell
[6.163s] DEBUG:colcon.colcon_core.shell:Skip shell extension 'dsv' for command environment
[6.224s] DEBUG:colcon.colcon_core.event_handler.log_command:Invoking command in '/home/rajana/ros2_ws/build/my_cpp_pkg': CMAKE_PREFIX_PATH=${CMAKE_PREFIX_PATH}:/home/rajana/ros2_ws/install/my_py_pkg:/opt/ros/humble /usr/bin/cmake --build /home/rajana/ros2_ws/build/my_cpp_pkg -- -j8 -l8
[7.834s] INFO:colcon.colcon_core.task.python.build:Building Python package in '/home/rajana/ros2_ws/src/my_py_pkg'
[7.835s] INFO:colcon.colcon_core.shell:Skip shell extension 'powershell' for command environment: Not usable outside of PowerShell
[7.835s] DEBUG:colcon.colcon_core.shell:Skip shell extension 'dsv' for command environment
[9.053s] DEBUG:colcon.colcon_core.event_handler.log_command:Invoked command in '/home/rajana/ros2_ws/build/my_cpp_pkg' returned '0': CMAKE_PREFIX_PATH=${CMAKE_PREFIX_PATH}:/home/rajana/ros2_ws/install/my_py_pkg:/opt/ros/humble /usr/bin/cmake --build /home/rajana/ros2_ws/build/my_cpp_pkg -- -j8 -l8
[9.083s] DEBUG:colcon.colcon_core.event_handler.log_command:Invoking command in '/home/rajana/ros2_ws/build/my_cpp_pkg': CMAKE_PREFIX_PATH=${CMAKE_PREFIX_PATH}:/home/rajana/ros2_ws/install/my_py_pkg:/opt/ros/humble /usr/bin/cmake --install /home/rajana/ros2_ws/build/my_cpp_pkg
[9.211s] Level 1:colcon.colcon_core.environment:create_environment_scripts_only(my_cpp_pkg)
[9.213s] DEBUG:colcon.colcon_core.event_handler.log_command:Invoked command in '/home/rajana/ros2_ws/build/my_cpp_pkg' returned '0': CMAKE_PREFIX_PATH=${CMAKE_PREFIX_PATH}:/home/rajana/ros2_ws/install/my_py_pkg:/opt/ros/humble /usr/bin/cmake --install /home/rajana/ros2_ws/build/my_cpp_pkg
[9.362s] Level 1:colcon.colcon_core.environment:checking '/home/rajana/ros2_ws/install/my_cpp_pkg' for CMake module files
[9.363s] Level 1:colcon.colcon_core.environment:checking '/home/rajana/ros2_ws/install/my_cpp_pkg' for CMake config files
[9.363s] Level 1:colcon.colcon_core.shell:create_environment_hook('my_cpp_pkg', 'cmake_prefix_path')
[9.366s] INFO:colcon.colcon_core.shell:Creating environment hook '/home/rajana/ros2_ws/install/my_cpp_pkg/share/my_cpp_pkg/hook/cmake_prefix_path.ps1'
[9.373s] INFO:colcon.colcon_core.shell:Creating environment descriptor '/home/rajana/ros2_ws/install/my_cpp_pkg/share/my_cpp_pkg/hook/cmake_prefix_path.dsv'
[9.375s] INFO:colcon.colcon_core.shell:Creating environment hook '/home/rajana/ros2_ws/install/my_cpp_pkg/share/my_cpp_pkg/hook/cmake_prefix_path.sh'
[9.377s] Level 1:colcon.colcon_core.environment:checking '/home/rajana/ros2_ws/install/my_cpp_pkg/lib'
[9.377s] Level 1:colcon.colcon_core.environment:checking '/home/rajana/ros2_ws/install/my_cpp_pkg/bin'
[9.377s] Level 1:colcon.colcon_core.environment:checking '/home/rajana/ros2_ws/install/my_cpp_pkg/lib/pkgconfig/my_cpp_pkg.pc'
[9.378s] Level 1:colcon.colcon_core.environment:checking '/home/rajana/ros2_ws/install/my_cpp_pkg/lib/python3.10/site-packages'
[9.378s] Level 1:colcon.colcon_core.environment:checking '/home/rajana/ros2_ws/install/my_cpp_pkg/bin'
[9.381s] INFO:colcon.colcon_core.shell:Creating package script '/home/rajana/ros2_ws/install/my_cpp_pkg/share/my_cpp_pkg/package.ps1'
[9.389s] INFO:colcon.colcon_core.shell:Creating package descriptor '/home/rajana/ros2_ws/install/my_cpp_pkg/share/my_cpp_pkg/package.dsv'
[9.392s] INFO:colcon.colcon_core.shell:Creating package script '/home/rajana/ros2_ws/install/my_cpp_pkg/share/my_cpp_pkg/package.sh'
[9.395s] INFO:colcon.colcon_core.shell:Creating package script '/home/rajana/ros2_ws/install/my_cpp_pkg/share/my_cpp_pkg/package.bash'
[9.444s] INFO:colcon.colcon_core.shell:Creating package script '/home/rajana/ros2_ws/install/my_cpp_pkg/share/my_cpp_pkg/package.zsh'
[9.460s] Level 1:colcon.colcon_core.environment:create_file_with_runtime_dependencies(/home/rajana/ros2_ws/install/my_cpp_pkg/share/colcon-core/packages/my_cpp_pkg)
[9.496s] Level 1:colcon.colcon_core.environment:create_environment_scripts_only(my_cpp_pkg)
[9.500s] Level 1:colcon.colcon_core.environment:checking '/home/rajana/ros2_ws/install/my_cpp_pkg' for CMake module files
[9.501s] Level 1:colcon.colcon_core.environment:checking '/home/rajana/ros2_ws/install/my_cpp_pkg' for CMake config files
[9.501s] Level 1:colcon.colcon_core.shell:create_environment_hook('my_cpp_pkg', 'cmake_prefix_path')
[9.502s] INFO:colcon.colcon_core.shell:Creating environment hook '/home/rajana/ros2_ws/install/my_cpp_pkg/share/my_cpp_pkg/hook/cmake_prefix_path.ps1'
[9.502s] INFO:colcon.colcon_core.shell:Creating environment descriptor '/home/rajana/ros2_ws/install/my_cpp_pkg/share/my_cpp_pkg/hook/cmake_prefix_path.dsv'
[9.503s] INFO:colcon.colcon_core.shell:Creating environment hook '/home/rajana/ros2_ws/install/my_cpp_pkg/share/my_cpp_pkg/hook/cmake_prefix_path.sh'
[9.503s] Level 1:colcon.colcon_core.environment:checking '/home/rajana/ros2_ws/install/my_cpp_pkg/lib'
[9.503s] Level 1:colcon.colcon_core.environment:checking '/home/rajana/ros2_ws/install/my_cpp_pkg/bin'
[9.503s] Level 1:colcon.colcon_core.environment:checking '/home/rajana/ros2_ws/install/my_cpp_pkg/lib/pkgconfig/my_cpp_pkg.pc'
[9.503s] Level 1:colcon.colcon_core.environment:checking '/home/rajana/ros2_ws/install/my_cpp_pkg/lib/python3.10/site-packages'
[9.504s] Level 1:colcon.colcon_core.environment:checking '/home/rajana/ros2_ws/install/my_cpp_pkg/bin'
[9.504s] INFO:colcon.colcon_core.shell:Creating package script '/home/rajana/ros2_ws/install/my_cpp_pkg/share/my_cpp_pkg/package.ps1'
[9.505s] INFO:colcon.colcon_core.shell:Creating package descriptor '/home/rajana/ros2_ws/install/my_cpp_pkg/share/my_cpp_pkg/package.dsv'
[9.505s] INFO:colcon.colcon_core.shell:Creating package script '/home/rajana/ros2_ws/install/my_cpp_pkg/share/my_cpp_pkg/package.sh'
[9.506s] INFO:colcon.colcon_core.shell:Creating package script '/home/rajana/ros2_ws/install/my_cpp_pkg/share/my_cpp_pkg/package.bash'
[9.506s] INFO:colcon.colcon_core.shell:Creating package script '/home/rajana/ros2_ws/install/my_cpp_pkg/share/my_cpp_pkg/package.zsh'
[9.543s] Level 1:colcon.colcon_core.environment:create_file_with_runtime_dependencies(/home/rajana/ros2_ws/install/my_cpp_pkg/share/colcon-core/packages/my_cpp_pkg)
[9.826s] DEBUG:colcon.colcon_core.event_handler.log_command:Invoking command in '/home/rajana/ros2_ws/src/my_py_pkg': PYTHONPATH=/home/rajana/ros2_ws/build/my_py_pkg/prefix_override:/home/rajana/ros2_ws/install/my_py_pkg/lib/python3.10/site-packages:${PYTHONPATH} /usr/bin/python3 setup.py egg_info --egg-base ../../build/my_py_pkg build --build-base /home/rajana/ros2_ws/build/my_py_pkg/build install --record /home/rajana/ros2_ws/build/my_py_pkg/install.log --single-version-externally-managed
[10.257s] Level 1:colcon.colcon_core.environment:checking '/home/rajana/ros2_ws/install/my_py_pkg' for CMake module files
[10.257s] DEBUG:colcon.colcon_core.event_handler.log_command:Invoked command in '/home/rajana/ros2_ws/src/my_py_pkg' returned '0': PYTHONPATH=/home/rajana/ros2_ws/build/my_py_pkg/prefix_override:/home/rajana/ros2_ws/install/my_py_pkg/lib/python3.10/site-packages:${PYTHONPATH} /usr/bin/python3 setup.py egg_info --egg-base ../../build/my_py_pkg build --build-base /home/rajana/ros2_ws/build/my_py_pkg/build install --record /home/rajana/ros2_ws/build/my_py_pkg/install.log --single-version-externally-managed
[10.257s] Level 1:colcon.colcon_core.environment:checking '/home/rajana/ros2_ws/install/my_py_pkg' for CMake config files
[10.258s] Level 1:colcon.colcon_core.environment:checking '/home/rajana/ros2_ws/install/my_py_pkg/lib'
[10.258s] Level 1:colcon.colcon_core.environment:checking '/home/rajana/ros2_ws/install/my_py_pkg/bin'
[10.258s] Level 1:colcon.colcon_core.environment:checking '/home/rajana/ros2_ws/install/my_py_pkg/lib/pkgconfig/my_py_pkg.pc'
[10.258s] Level 1:colcon.colcon_core.environment:checking '/home/rajana/ros2_ws/install/my_py_pkg/lib/python3.10/site-packages'
[10.258s] Level 1:colcon.colcon_core.shell:create_environment_hook('my_py_pkg', 'pythonpath')
[10.259s] INFO:colcon.colcon_core.shell:Creating environment hook '/home/rajana/ros2_ws/install/my_py_pkg/share/my_py_pkg/hook/pythonpath.ps1'
[10.259s] INFO:colcon.colcon_core.shell:Creating environment descriptor '/home/rajana/ros2_ws/install/my_py_pkg/share/my_py_pkg/hook/pythonpath.dsv'
[10.260s] INFO:colcon.colcon_core.shell:Creating environment hook '/home/rajana/ros2_ws/install/my_py_pkg/share/my_py_pkg/hook/pythonpath.sh'
[10.260s] Level 1:colcon.colcon_core.environment:checking '/home/rajana/ros2_ws/install/my_py_pkg/bin'
[10.260s] Level 1:colcon.colcon_core.environment:create_environment_scripts_only(my_py_pkg)
[10.261s] INFO:colcon.colcon_core.shell:Creating package script '/home/rajana/ros2_ws/install/my_py_pkg/share/my_py_pkg/package.ps1'
[10.261s] INFO:colcon.colcon_core.shell:Creating package descriptor '/home/rajana/ros2_ws/install/my_py_pkg/share/my_py_pkg/package.dsv'
[10.262s] INFO:colcon.colcon_core.shell:Creating package script '/home/rajana/ros2_ws/install/my_py_pkg/share/my_py_pkg/package.sh'
[10.262s] INFO:colcon.colcon_core.shell:Creating package script '/home/rajana/ros2_ws/install/my_py_pkg/share/my_py_pkg/package.bash'
[10.262s] INFO:colcon.colcon_core.shell:Creating package script '/home/rajana/ros2_ws/install/my_py_pkg/share/my_py_pkg/package.zsh'
[10.262s] Level 1:colcon.colcon_core.environment:create_file_with_runtime_dependencies(/home/rajana/ros2_ws/install/my_py_pkg/share/colcon-core/packages/my_py_pkg)
[10.263s] DEBUG:colcon.colcon_parallel_executor.executor.parallel:closing loop
[10.263s] DEBUG:colcon.colcon_parallel_executor.executor.parallel:loop closed
[10.263s] DEBUG:colcon.colcon_parallel_executor.executor.parallel:run_until_complete finished with '0'
[10.263s] DEBUG:colcon.colcon_core.event_reactor:joining thread
[10.293s] INFO:colcon.colcon_core.plugin_system:Skipping extension 'colcon_notification.desktop_notification.terminal_notifier': Not used on non-Darwin systems
[10.293s] INFO:colcon.colcon_core.plugin_system:Skipping extension 'colcon_notification.desktop_notification.win32': Not used on non-Windows systems
[10.293s] INFO:colcon.colcon_notification.desktop_notification:Sending desktop notification using 'notify2'
[10.313s] DEBUG:colcon.colcon_core.event_reactor:joined thread
[10.314s] INFO:colcon.colcon_core.shell:Creating prefix script '/home/rajana/ros2_ws/install/local_setup.ps1'
[10.316s] INFO:colcon.colcon_core.shell:Creating prefix util module '/home/rajana/ros2_ws/install/_local_setup_util_ps1.py'
[10.318s] INFO:colcon.colcon_core.shell:Creating prefix chain script '/home/rajana/ros2_ws/install/setup.ps1'
[10.323s] INFO:colcon.colcon_core.shell:Creating prefix script '/home/rajana/ros2_ws/install/local_setup.sh'
[10.325s] INFO:colcon.colcon_core.shell:Creating prefix util module '/home/rajana/ros2_ws/install/_local_setup_util_sh.py'
[10.326s] INFO:colcon.colcon_core.shell:Creating prefix chain script '/home/rajana/ros2_ws/install/setup.sh'
[10.328s] INFO:colcon.colcon_core.shell:Creating prefix script '/home/rajana/ros2_ws/install/local_setup.bash'
[10.329s] INFO:colcon.colcon_core.shell:Creating prefix chain script '/home/rajana/ros2_ws/install/setup.bash'
[10.330s] INFO:colcon.colcon_core.shell:Creating prefix script '/home/rajana/ros2_ws/install/local_setup.zsh'
[10.334s] INFO:colcon.colcon_core.shell:Creating prefix chain script '/home/rajana/ros2_ws/install/setup.zsh'
