[0.011s] Invoking command in '/home/rajana/ros2_ws/build/my_cpp_pkg': CMAKE_PREFIX_PATH=${CMAKE_PREFIX_PATH}:/home/rajana/ros2_ws/install/my_py_pkg:/opt/ros/humble /usr/bin/cmake --build /home/rajana/ros2_ws/build/my_cpp_pkg -- -j8 -l8
[0.028s] -- Found ament_cmake: 1.3.5 (/opt/ros/humble/share/ament_cmake/cmake)
[0.137s] -- Found rclcpp: 16.0.5 (/opt/ros/humble/share/rclcpp/cmake)
[0.158s] -- Found rosidl_generator_c: 3.1.5 (/opt/ros/humble/share/rosidl_generator_c/cmake)
[0.159s] -- Found rosidl_adapter: 3.1.5 (/opt/ros/humble/share/rosidl_adapter/cmake)
[0.164s] -- Found rosidl_generator_cpp: 3.1.5 (/opt/ros/humble/share/rosidl_generator_cpp/cmake)
[0.172s] -- Using all available rosidl_typesupport_c: rosidl_typesupport_fastrtps_c;rosidl_typesupport_introspection_c
[0.183s] -- Using all available rosidl_typesupport_cpp: rosidl_typesupport_fastrtps_cpp;rosidl_typesupport_introspection_cpp
[0.225s] -- Found rmw_implementation_cmake: 6.1.1 (/opt/ros/humble/share/rmw_implementation_cmake/cmake)
[0.226s] -- Found rmw_fastrtps_cpp: 6.2.3 (/opt/ros/humble/share/rmw_fastrtps_cpp/cmake)
[0.314s] -- Using RMW implementation 'rmw_fastrtps_cpp' as default
[0.432s] -- Found example_interfaces: 0.9.3 (/opt/ros/humble/share/example_interfaces/cmake)
[0.531s] -- Found ament_lint_auto: 0.12.7 (/opt/ros/humble/share/ament_lint_auto/cmake)
[0.585s] -- Added test 'cppcheck' to perform static code analysis on C / C++ code
[0.585s] -- Configured cppcheck include dirs: 
[0.585s] -- Configured cppcheck exclude dirs and/or files: 
[0.585s] -- Added test 'lint_cmake' to check CMake code style
[0.586s] -- Added test 'uncrustify' to check C / C++ code style
[0.586s] -- Configured uncrustify additional arguments: 
[0.586s] -- Added test 'xmllint' to check XML markup files
[0.587s] -- Configuring done
[1.071s] -- Generating done
[1.074s] -- Build files have been written to: /home/rajana/ros2_ws/build/my_cpp_pkg
[1.107s] [35m[1mConsolidate compiler generated dependencies of target smartphone[0m
[1.110s] [ 12%] [32mBuilding CXX object CMakeFiles/add_two_ints_server.dir/src/add_two_ints_server.cpp.o[0m
[1.118s] [35m[1mConsolidate compiler generated dependencies of target robot_news_station[0m
[1.120s] [ 37%] Built target smartphone
[1.125s] [35m[1mConsolidate compiler generated dependencies of target cpp_node[0m
[1.130s] [ 62%] Built target robot_news_station
[1.138s] [ 87%] Built target cpp_node
[4.975s] [100%] [32m[1mLinking CXX executable add_two_ints_server[0m
[6.517s] [100%] Built target add_two_ints_server
[6.525s] Invoked command in '/home/rajana/ros2_ws/build/my_cpp_pkg' returned '0': CMAKE_PREFIX_PATH=${CMAKE_PREFIX_PATH}:/home/rajana/ros2_ws/install/my_py_pkg:/opt/ros/humble /usr/bin/cmake --build /home/rajana/ros2_ws/build/my_cpp_pkg -- -j8 -l8
[6.566s] Invoking command in '/home/rajana/ros2_ws/build/my_cpp_pkg': CMAKE_PREFIX_PATH=${CMAKE_PREFIX_PATH}:/home/rajana/ros2_ws/install/my_py_pkg:/opt/ros/humble /usr/bin/cmake --install /home/rajana/ros2_ws/build/my_cpp_pkg
[6.577s] -- Install configuration: ""
[6.587s] -- Up-to-date: /home/rajana/ros2_ws/install/my_cpp_pkg/lib/my_cpp_pkg/cpp_node
[6.611s] -- Up-to-date: /home/rajana/ros2_ws/install/my_cpp_pkg/lib/my_cpp_pkg/robot_news_station
[6.638s] -- Up-to-date: /home/rajana/ros2_ws/install/my_cpp_pkg/lib/my_cpp_pkg/smartphone
[6.638s] -- Installing: /home/rajana/ros2_ws/install/my_cpp_pkg/lib/my_cpp_pkg/add_two_ints_server
[6.640s] -- Set runtime path of "/home/rajana/ros2_ws/install/my_cpp_pkg/lib/my_cpp_pkg/add_two_ints_server" to ""
[6.640s] -- Up-to-date: /home/rajana/ros2_ws/install/my_cpp_pkg/share/ament_index/resource_index/package_run_dependencies/my_cpp_pkg
[6.641s] -- Up-to-date: /home/rajana/ros2_ws/install/my_cpp_pkg/share/ament_index/resource_index/parent_prefix_path/my_cpp_pkg
[6.641s] -- Up-to-date: /home/rajana/ros2_ws/install/my_cpp_pkg/share/my_cpp_pkg/environment/ament_prefix_path.sh
[6.641s] -- Installing: /home/rajana/ros2_ws/install/my_cpp_pkg/share/my_cpp_pkg/environment/ament_prefix_path.dsv
[6.642s] -- Up-to-date: /home/rajana/ros2_ws/install/my_cpp_pkg/share/my_cpp_pkg/environment/path.sh
[6.642s] -- Installing: /home/rajana/ros2_ws/install/my_cpp_pkg/share/my_cpp_pkg/environment/path.dsv
[6.642s] -- Up-to-date: /home/rajana/ros2_ws/install/my_cpp_pkg/share/my_cpp_pkg/local_setup.bash
[6.643s] -- Up-to-date: /home/rajana/ros2_ws/install/my_cpp_pkg/share/my_cpp_pkg/local_setup.sh
[6.643s] -- Up-to-date: /home/rajana/ros2_ws/install/my_cpp_pkg/share/my_cpp_pkg/local_setup.zsh
[6.643s] -- Installing: /home/rajana/ros2_ws/install/my_cpp_pkg/share/my_cpp_pkg/local_setup.dsv
[6.643s] -- Installing: /home/rajana/ros2_ws/install/my_cpp_pkg/share/my_cpp_pkg/package.dsv
[6.644s] -- Up-to-date: /home/rajana/ros2_ws/install/my_cpp_pkg/share/ament_index/resource_index/packages/my_cpp_pkg
[6.644s] -- Up-to-date: /home/rajana/ros2_ws/install/my_cpp_pkg/share/my_cpp_pkg/cmake/my_cpp_pkgConfig.cmake
[6.644s] -- Up-to-date: /home/rajana/ros2_ws/install/my_cpp_pkg/share/my_cpp_pkg/cmake/my_cpp_pkgConfig-version.cmake
[6.644s] -- Up-to-date: /home/rajana/ros2_ws/install/my_cpp_pkg/share/my_cpp_pkg/package.xml
[6.647s] Invoked command in '/home/rajana/ros2_ws/build/my_cpp_pkg' returned '0': CMAKE_PREFIX_PATH=${CMAKE_PREFIX_PATH}:/home/rajana/ros2_ws/install/my_py_pkg:/opt/ros/humble /usr/bin/cmake --install /home/rajana/ros2_ws/build/my_cpp_pkg
