[4.612s] DEBUG:colcon:Command line arguments: ['/usr/bin/colcon', 'build', '--packages-select', '--symlink-install']
[4.612s] DEBUG:colcon:Parsed command line arguments: Namespace(log_base=None, log_level=None, verb_name='build', build_base='build', install_base='install', merge_install=False, symlink_install=True, test_result_base=None, continue_on_error=False, executor='parallel', parallel_workers=8, event_handlers=None, ignore_user_meta=False, metas=['./colcon.meta'], base_paths=['.'], packages_ignore=None, packages_ignore_regex=None, paths=None, packages_up_to=None, packages_up_to_regex=None, packages_above=None, packages_above_and_dependencies=None, packages_above_depth=None, packages_select_by_dep=None, packages_skip_by_dep=None, packages_skip_up_to=None, packages_select_build_failed=False, packages_skip_build_finished=False, packages_select_test_failures=False, packages_skip_test_passed=False, packages_select=[], packages_skip=None, packages_select_regex=None, packages_skip_regex=None, packages_start=None, packages_end=None, allow_overriding=[], cmake_args=None, cmake_target=None, cmake_target_skip_unavailable=False, cmake_clean_cache=False, cmake_clean_first=False, cmake_force_configure=False, ament_cmake_args=None, catkin_cmake_args=None, catkin_skip_building_tests=False, verb_parser=<colcon_defaults.argument_parser.defaults.DefaultArgumentsDecorator object at 0x7fef790adb70>, verb_extension=<colcon_core.verb.build.BuildVerb object at 0x7fef798b4ee0>, main=<bound method BuildVerb.main of <colcon_core.verb.build.BuildVerb object at 0x7fef798b4ee0>>)
[5.338s] Level 1:colcon.colcon_core.package_discovery:discover_packages(colcon_meta) check parameters
[5.338s] Level 1:colcon.colcon_core.package_discovery:discover_packages(recursive) check parameters
[5.339s] Level 1:colcon.colcon_core.package_discovery:discover_packages(ignore) check parameters
[5.339s] Level 1:colcon.colcon_core.package_discovery:discover_packages(path) check parameters
[5.339s] Level 1:colcon.colcon_core.package_discovery:discover_packages(colcon_meta) discover
[5.339s] Level 1:colcon.colcon_core.package_discovery:discover_packages(recursive) discover
[5.339s] INFO:colcon.colcon_core.package_discovery:Crawling recursively for packages in '/home/rajana/ros2_ws'
[5.339s] Level 1:colcon.colcon_core.package_identification:_identify(.) by extensions ['ignore', 'ignore_ament_install']
[5.339s] Level 1:colcon.colcon_core.package_identification:_identify(.) by extension 'ignore'
[5.339s] Level 1:colcon.colcon_core.package_identification:_identify(.) by extension 'ignore_ament_install'
[5.340s] Level 1:colcon.colcon_core.package_identification:_identify(.) by extensions ['colcon_pkg']
[5.340s] Level 1:colcon.colcon_core.package_identification:_identify(.) by extension 'colcon_pkg'
[5.340s] Level 1:colcon.colcon_core.package_identification:_identify(.) by extensions ['colcon_meta']
[5.340s] Level 1:colcon.colcon_core.package_identification:_identify(.) by extension 'colcon_meta'
[5.340s] Level 1:colcon.colcon_core.package_identification:_identify(.) by extensions ['ros']
[5.340s] Level 1:colcon.colcon_core.package_identification:_identify(.) by extension 'ros'
[5.414s] Level 1:colcon.colcon_core.package_identification:_identify(.) by extensions ['cmake', 'python']
[5.414s] Level 1:colcon.colcon_core.package_identification:_identify(.) by extension 'cmake'
[5.414s] Level 1:colcon.colcon_core.package_identification:_identify(.) by extension 'python'
[5.414s] Level 1:colcon.colcon_core.package_identification:_identify(.) by extensions ['python_setup_py']
[5.414s] Level 1:colcon.colcon_core.package_identification:_identify(.) by extension 'python_setup_py'
[5.414s] Level 1:colcon.colcon_core.package_identification:_identify(build) by extensions ['ignore', 'ignore_ament_install']
[5.415s] Level 1:colcon.colcon_core.package_identification:_identify(build) by extension 'ignore'
[5.415s] Level 1:colcon.colcon_core.package_identification:_identify(build) ignored
[5.415s] Level 1:colcon.colcon_core.package_identification:_identify(install) by extensions ['ignore', 'ignore_ament_install']
[5.415s] Level 1:colcon.colcon_core.package_identification:_identify(install) by extension 'ignore'
[5.415s] Level 1:colcon.colcon_core.package_identification:_identify(install) ignored
[5.415s] Level 1:colcon.colcon_core.package_identification:_identify(log) by extensions ['ignore', 'ignore_ament_install']
[5.415s] Level 1:colcon.colcon_core.package_identification:_identify(log) by extension 'ignore'
[5.415s] Level 1:colcon.colcon_core.package_identification:_identify(log) ignored
[5.416s] Level 1:colcon.colcon_core.package_identification:_identify(src) by extensions ['ignore', 'ignore_ament_install']
[5.416s] Level 1:colcon.colcon_core.package_identification:_identify(src) by extension 'ignore'
[5.416s] Level 1:colcon.colcon_core.package_identification:_identify(src) by extension 'ignore_ament_install'
[5.416s] Level 1:colcon.colcon_core.package_identification:_identify(src) by extensions ['colcon_pkg']
[5.416s] Level 1:colcon.colcon_core.package_identification:_identify(src) by extension 'colcon_pkg'
[5.416s] Level 1:colcon.colcon_core.package_identification:_identify(src) by extensions ['colcon_meta']
[5.416s] Level 1:colcon.colcon_core.package_identification:_identify(src) by extension 'colcon_meta'
[5.416s] Level 1:colcon.colcon_core.package_identification:_identify(src) by extensions ['ros']
[5.416s] Level 1:colcon.colcon_core.package_identification:_identify(src) by extension 'ros'
[5.416s] Level 1:colcon.colcon_core.package_identification:_identify(src) by extensions ['cmake', 'python']
[5.416s] Level 1:colcon.colcon_core.package_identification:_identify(src) by extension 'cmake'
[5.416s] Level 1:colcon.colcon_core.package_identification:_identify(src) by extension 'python'
[5.416s] Level 1:colcon.colcon_core.package_identification:_identify(src) by extensions ['python_setup_py']
[5.416s] Level 1:colcon.colcon_core.package_identification:_identify(src) by extension 'python_setup_py'
[5.416s] Level 1:colcon.colcon_core.package_identification:_identify(src/build) by extensions ['ignore', 'ignore_ament_install']
[5.416s] Level 1:colcon.colcon_core.package_identification:_identify(src/build) by extension 'ignore'
[5.417s] Level 1:colcon.colcon_core.package_identification:_identify(src/build) ignored
[5.417s] Level 1:colcon.colcon_core.package_identification:_identify(src/install) by extensions ['ignore', 'ignore_ament_install']
[5.417s] Level 1:colcon.colcon_core.package_identification:_identify(src/install) by extension 'ignore'
[5.417s] Level 1:colcon.colcon_core.package_identification:_identify(src/install) ignored
[5.417s] Level 1:colcon.colcon_core.package_identification:_identify(src/log) by extensions ['ignore', 'ignore_ament_install']
[5.417s] Level 1:colcon.colcon_core.package_identification:_identify(src/log) by extension 'ignore'
[5.417s] Level 1:colcon.colcon_core.package_identification:_identify(src/log) ignored
[5.417s] Level 1:colcon.colcon_core.package_identification:_identify(src/my_cpp_pkg) by extensions ['ignore', 'ignore_ament_install']
[5.417s] Level 1:colcon.colcon_core.package_identification:_identify(src/my_cpp_pkg) by extension 'ignore'
[5.417s] Level 1:colcon.colcon_core.package_identification:_identify(src/my_cpp_pkg) by extension 'ignore_ament_install'
[5.417s] Level 1:colcon.colcon_core.package_identification:_identify(src/my_cpp_pkg) by extensions ['colcon_pkg']
[5.417s] Level 1:colcon.colcon_core.package_identification:_identify(src/my_cpp_pkg) by extension 'colcon_pkg'
[5.417s] Level 1:colcon.colcon_core.package_identification:_identify(src/my_cpp_pkg) by extensions ['colcon_meta']
[5.417s] Level 1:colcon.colcon_core.package_identification:_identify(src/my_cpp_pkg) by extension 'colcon_meta'
[5.417s] Level 1:colcon.colcon_core.package_identification:_identify(src/my_cpp_pkg) by extensions ['ros']
[5.417s] Level 1:colcon.colcon_core.package_identification:_identify(src/my_cpp_pkg) by extension 'ros'
[5.471s] DEBUG:colcon.colcon_core.package_identification:Package 'src/my_cpp_pkg' with type 'ros.ament_cmake' and name 'my_cpp_pkg'
[5.471s] Level 1:colcon.colcon_core.package_identification:_identify(src/my_py_pkg) by extensions ['ignore', 'ignore_ament_install']
[5.471s] Level 1:colcon.colcon_core.package_identification:_identify(src/my_py_pkg) by extension 'ignore'
[5.472s] Level 1:colcon.colcon_core.package_identification:_identify(src/my_py_pkg) by extension 'ignore_ament_install'
[5.472s] Level 1:colcon.colcon_core.package_identification:_identify(src/my_py_pkg) by extensions ['colcon_pkg']
[5.472s] Level 1:colcon.colcon_core.package_identification:_identify(src/my_py_pkg) by extension 'colcon_pkg'
[5.472s] Level 1:colcon.colcon_core.package_identification:_identify(src/my_py_pkg) by extensions ['colcon_meta']
[5.472s] Level 1:colcon.colcon_core.package_identification:_identify(src/my_py_pkg) by extension 'colcon_meta'
[5.472s] Level 1:colcon.colcon_core.package_identification:_identify(src/my_py_pkg) by extensions ['ros']
[5.472s] Level 1:colcon.colcon_core.package_identification:_identify(src/my_py_pkg) by extension 'ros'
[5.493s] DEBUG:colcon.colcon_core.package_identification:Package 'src/my_py_pkg' with type 'ros.ament_python' and name 'my_py_pkg'
[5.493s] Level 1:colcon.colcon_core.package_discovery:discover_packages(recursive) using defaults
[5.493s] Level 1:colcon.colcon_core.package_discovery:discover_packages(ignore) discover
[5.493s] Level 1:colcon.colcon_core.package_discovery:discover_packages(ignore) using defaults
[5.493s] Level 1:colcon.colcon_core.package_discovery:discover_packages(path) discover
[5.493s] Level 1:colcon.colcon_core.package_discovery:discover_packages(path) using defaults
[5.648s] INFO:colcon.colcon_core.package_selection:Skipping not selected package 'my_cpp_pkg' in 'src/my_cpp_pkg'
[5.648s] INFO:colcon.colcon_core.package_selection:Skipping not selected package 'my_py_pkg' in 'src/my_py_pkg'
[5.649s] Level 1:colcon.colcon_core.package_discovery:discover_packages(prefix_path) check parameters
[5.649s] Level 1:colcon.colcon_core.package_discovery:discover_packages(prefix_path) discover
[5.653s] DEBUG:colcon.colcon_installed_package_information.package_discovery:Found 2 installed packages in /home/rajana/ros2_ws/install
[5.654s] DEBUG:colcon.colcon_installed_package_information.package_discovery:Found 273 installed packages in /opt/ros/humble
[5.656s] Level 1:colcon.colcon_core.package_discovery:discover_packages(prefix_path) using defaults
[5.731s] INFO:colcon.colcon_core.executor:Executing jobs using 'parallel' executor
[5.733s] DEBUG:colcon.colcon_parallel_executor.executor.parallel:run_until_complete
[5.733s] DEBUG:colcon.colcon_parallel_executor.executor.parallel:closing loop
[5.733s] DEBUG:colcon.colcon_parallel_executor.executor.parallel:loop closed
[5.733s] DEBUG:colcon.colcon_parallel_executor.executor.parallel:run_until_complete finished with '0'
[5.734s] DEBUG:colcon.colcon_core.event_reactor:joining thread
[5.751s] INFO:colcon.colcon_core.plugin_system:Skipping extension 'colcon_notification.desktop_notification.terminal_notifier': Not used on non-Darwin systems
[5.752s] INFO:colcon.colcon_core.plugin_system:Skipping extension 'colcon_notification.desktop_notification.win32': Not used on non-Windows systems
[5.752s] INFO:colcon.colcon_notification.desktop_notification:Sending desktop notification using 'notify2'
[5.767s] DEBUG:colcon.colcon_core.event_reactor:joined thread
[5.773s] INFO:colcon.colcon_core.plugin_system:Skipping extension 'colcon_core.shell.bat': Not used on non-Windows systems
[5.774s] INFO:colcon.colcon_core.shell:Creating prefix script '/home/rajana/ros2_ws/install/local_setup.ps1'
[5.775s] INFO:colcon.colcon_core.shell:Creating prefix util module '/home/rajana/ros2_ws/install/_local_setup_util_ps1.py'
[5.790s] INFO:colcon.colcon_core.shell:Creating prefix chain script '/home/rajana/ros2_ws/install/setup.ps1'
[5.793s] INFO:colcon.colcon_core.shell:Creating prefix script '/home/rajana/ros2_ws/install/local_setup.sh'
[5.799s] INFO:colcon.colcon_core.shell:Creating prefix util module '/home/rajana/ros2_ws/install/_local_setup_util_sh.py'
[5.800s] INFO:colcon.colcon_core.shell:Creating prefix chain script '/home/rajana/ros2_ws/install/setup.sh'
[5.805s] INFO:colcon.colcon_core.shell:Creating prefix script '/home/rajana/ros2_ws/install/local_setup.bash'
[5.806s] INFO:colcon.colcon_core.shell:Creating prefix chain script '/home/rajana/ros2_ws/install/setup.bash'
[5.808s] INFO:colcon.colcon_core.shell:Creating prefix script '/home/rajana/ros2_ws/install/local_setup.zsh'
[5.809s] INFO:colcon.colcon_core.shell:Creating prefix chain script '/home/rajana/ros2_ws/install/setup.zsh'
