[0.134s] Invoking command in '/home/rajana/ros2_ws/build/my_cpp_pkg': CMAKE_PREFIX_PATH=${CMAKE_PREFIX_PATH}:/home/rajana/ros2_ws/install/my_py_pkg:/opt/ros/humble /usr/bin/cmake --build /home/rajana/ros2_ws/build/my_cpp_pkg -- -j8 -l8
[3.513s] [100%] Built target cpp_node
[3.523s] Invoked command in '/home/rajana/ros2_ws/build/my_cpp_pkg' returned '0': CMAKE_PREFIX_PATH=${CMAKE_PREFIX_PATH}:/home/rajana/ros2_ws/install/my_py_pkg:/opt/ros/humble /usr/bin/cmake --build /home/rajana/ros2_ws/build/my_cpp_pkg -- -j8 -l8
[3.566s] Invoking command in '/home/rajana/ros2_ws/build/my_cpp_pkg': CMAKE_PREFIX_PATH=${CMAKE_PREFIX_PATH}:/home/rajana/ros2_ws/install/my_py_pkg:/opt/ros/humble /usr/bin/cmake --install /home/rajana/ros2_ws/build/my_cpp_pkg
[3.588s] -- Install configuration: ""
[3.673s] -- Up-to-date: /home/rajana/ros2_ws/install/my_cpp_pkg/lib/my_cpp_pkg/cpp_node
[3.674s] -- Up-to-date: /home/rajana/ros2_ws/install/my_cpp_pkg/share/ament_index/resource_index/package_run_dependencies/my_cpp_pkg
[3.867s] -- Up-to-date: /home/rajana/ros2_ws/install/my_cpp_pkg/share/ament_index/resource_index/parent_prefix_path/my_cpp_pkg
[3.868s] -- Up-to-date: /home/rajana/ros2_ws/install/my_cpp_pkg/share/my_cpp_pkg/environment/ament_prefix_path.sh
[3.868s] -- Up-to-date: /home/rajana/ros2_ws/install/my_cpp_pkg/share/my_cpp_pkg/environment/ament_prefix_path.dsv
[3.869s] -- Up-to-date: /home/rajana/ros2_ws/install/my_cpp_pkg/share/my_cpp_pkg/environment/path.sh
[3.869s] -- Up-to-date: /home/rajana/ros2_ws/install/my_cpp_pkg/share/my_cpp_pkg/environment/path.dsv
[3.869s] -- Up-to-date: /home/rajana/ros2_ws/install/my_cpp_pkg/share/my_cpp_pkg/local_setup.bash
[3.869s] -- Up-to-date: /home/rajana/ros2_ws/install/my_cpp_pkg/share/my_cpp_pkg/local_setup.sh
[3.869s] -- Up-to-date: /home/rajana/ros2_ws/install/my_cpp_pkg/share/my_cpp_pkg/local_setup.zsh
[3.869s] -- Up-to-date: /home/rajana/ros2_ws/install/my_cpp_pkg/share/my_cpp_pkg/local_setup.dsv
[3.869s] -- Installing: /home/rajana/ros2_ws/install/my_cpp_pkg/share/my_cpp_pkg/package.dsv
[4.017s] -- Up-to-date: /home/rajana/ros2_ws/install/my_cpp_pkg/share/ament_index/resource_index/packages/my_cpp_pkg
[4.150s] -- Up-to-date: /home/rajana/ros2_ws/install/my_cpp_pkg/share/my_cpp_pkg/cmake/my_cpp_pkgConfig.cmake
[4.150s] -- Up-to-date: /home/rajana/ros2_ws/install/my_cpp_pkg/share/my_cpp_pkg/cmake/my_cpp_pkgConfig-version.cmake
[4.150s] -- Up-to-date: /home/rajana/ros2_ws/install/my_cpp_pkg/share/my_cpp_pkg/package.xml
[4.447s] Invoked command in '/home/rajana/ros2_ws/build/my_cpp_pkg' returned '0': CMAKE_PREFIX_PATH=${CMAKE_PREFIX_PATH}:/home/rajana/ros2_ws/install/my_py_pkg:/opt/ros/humble /usr/bin/cmake --install /home/rajana/ros2_ws/build/my_cpp_pkg
