[0.014s] Invoking command in '/home/rajana/ros2_ws/src/build/my_cpp_pkg': CMAKE_PREFIX_PATH=${CMAKE_PREFIX_PATH}:/home/rajana/ros2_ws/install/my_py_pkg:/opt/ros/humble /usr/bin/cmake --build /home/rajana/ros2_ws/src/build/my_cpp_pkg -- -j8 -l8
[0.059s] [35m[1mConsolidate compiler generated dependencies of target cpp_node[0m
[0.073s] [ 50%] [32mBuilding CXX object CMakeFiles/cpp_node.dir/src/my_first_node.cpp.o[0m
[2.886s] [100%] [32m[1mLinking CXX executable cpp_node[0m
[3.000s] [100%] Built target cpp_node
[3.010s] Invoked command in '/home/rajana/ros2_ws/src/build/my_cpp_pkg' returned '0': CMAKE_PREFIX_PATH=${CMAKE_PREFIX_PATH}:/home/rajana/ros2_ws/install/my_py_pkg:/opt/ros/humble /usr/bin/cmake --build /home/rajana/ros2_ws/src/build/my_cpp_pkg -- -j8 -l8
[3.040s] Invoking command in '/home/rajana/ros2_ws/src/build/my_cpp_pkg': CMAKE_PREFIX_PATH=${CMAKE_PREFIX_PATH}:/home/rajana/ros2_ws/install/my_py_pkg:/opt/ros/humble /usr/bin/cmake --install /home/rajana/ros2_ws/src/build/my_cpp_pkg
[3.050s] -- Install configuration: ""
[3.050s] -- Installing: /home/rajana/ros2_ws/src/install/my_cpp_pkg/lib/my_cpp_pkg/cpp_node
[3.050s] -- Set runtime path of "/home/rajana/ros2_ws/src/install/my_cpp_pkg/lib/my_cpp_pkg/cpp_node" to ""
[3.051s] -- Up-to-date: /home/rajana/ros2_ws/src/install/my_cpp_pkg/share/ament_index/resource_index/package_run_dependencies/my_cpp_pkg
[3.051s] -- Up-to-date: /home/rajana/ros2_ws/src/install/my_cpp_pkg/share/ament_index/resource_index/parent_prefix_path/my_cpp_pkg
[3.051s] -- Up-to-date: /home/rajana/ros2_ws/src/install/my_cpp_pkg/share/my_cpp_pkg/environment/ament_prefix_path.sh
[3.051s] -- Up-to-date: /home/rajana/ros2_ws/src/install/my_cpp_pkg/share/my_cpp_pkg/environment/ament_prefix_path.dsv
[3.051s] -- Up-to-date: /home/rajana/ros2_ws/src/install/my_cpp_pkg/share/my_cpp_pkg/environment/path.sh
[3.051s] -- Up-to-date: /home/rajana/ros2_ws/src/install/my_cpp_pkg/share/my_cpp_pkg/environment/path.dsv
[3.051s] -- Up-to-date: /home/rajana/ros2_ws/src/install/my_cpp_pkg/share/my_cpp_pkg/local_setup.bash
[3.051s] -- Up-to-date: /home/rajana/ros2_ws/src/install/my_cpp_pkg/share/my_cpp_pkg/local_setup.sh
[3.051s] -- Up-to-date: /home/rajana/ros2_ws/src/install/my_cpp_pkg/share/my_cpp_pkg/local_setup.zsh
[3.051s] -- Up-to-date: /home/rajana/ros2_ws/src/install/my_cpp_pkg/share/my_cpp_pkg/local_setup.dsv
[3.051s] -- Installing: /home/rajana/ros2_ws/src/install/my_cpp_pkg/share/my_cpp_pkg/package.dsv
[3.051s] -- Up-to-date: /home/rajana/ros2_ws/src/install/my_cpp_pkg/share/ament_index/resource_index/packages/my_cpp_pkg
[3.051s] -- Up-to-date: /home/rajana/ros2_ws/src/install/my_cpp_pkg/share/my_cpp_pkg/cmake/my_cpp_pkgConfig.cmake
[3.051s] -- Up-to-date: /home/rajana/ros2_ws/src/install/my_cpp_pkg/share/my_cpp_pkg/cmake/my_cpp_pkgConfig-version.cmake
[3.051s] -- Up-to-date: /home/rajana/ros2_ws/src/install/my_cpp_pkg/share/my_cpp_pkg/package.xml
[3.053s] Invoked command in '/home/rajana/ros2_ws/src/build/my_cpp_pkg' returned '0': CMAKE_PREFIX_PATH=${CMAKE_PREFIX_PATH}:/home/rajana/ros2_ws/install/my_py_pkg:/opt/ros/humble /usr/bin/cmake --install /home/rajana/ros2_ws/src/build/my_cpp_pkg
