[1.987s] Invoking command in '/home/rajana/ros2_ws/build/my_py_pkg': PYTHONPATH=/home/rajana/ros2_ws/build/my_py_pkg/prefix_override:/home/rajana/ros2_ws/install/my_py_pkg/lib/python3.10/site-packages:${PYTHONPATH} /usr/bin/python3 setup.py develop --editable --build-directory /home/rajana/ros2_ws/build/my_py_pkg/build --no-deps install_data
[2.166s] running develop
[2.200s] /usr/lib/python3/dist-packages/setuptools/command/easy_install.py:158: EasyInstallDeprecationWarning: easy_install command is deprecated. Use build and pip and other standards-based tools.
[2.200s]   warnings.warn(
[2.222s] /usr/lib/python3/dist-packages/setuptools/command/install.py:34: SetuptoolsDeprecationWarning: setup.py install is deprecated. Use build and pip and other standards-based tools.
[2.222s]   warnings.warn(
[2.411s] running egg_info
[2.411s] writing my_py_pkg.egg-info/PKG-INFO
[2.411s] writing dependency_links to my_py_pkg.egg-info/dependency_links.txt
[2.411s] writing entry points to my_py_pkg.egg-info/entry_points.txt
[2.411s] writing requirements to my_py_pkg.egg-info/requires.txt
[2.411s] writing top-level names to my_py_pkg.egg-info/top_level.txt
[2.530s] reading manifest file 'my_py_pkg.egg-info/SOURCES.txt'
[2.531s] writing manifest file 'my_py_pkg.egg-info/SOURCES.txt'
[2.534s] running build_ext
[2.534s] Creating /home/rajana/ros2_ws/install/my_py_pkg/lib/python3.10/site-packages/my-py-pkg.egg-link (link to .)
[2.536s] Installing py_node script to /home/rajana/ros2_ws/install/my_py_pkg/lib/my_py_pkg
[2.536s] Installing robot_news_station script to /home/rajana/ros2_ws/install/my_py_pkg/lib/my_py_pkg
[2.537s] Installing smartphone script to /home/rajana/ros2_ws/install/my_py_pkg/lib/my_py_pkg
[2.537s] 
[2.537s] Installed /home/rajana/ros2_ws/build/my_py_pkg
[2.537s] running install_data
[2.590s] Invoked command in '/home/rajana/ros2_ws/build/my_py_pkg' returned '0': PYTHONPATH=/home/rajana/ros2_ws/build/my_py_pkg/prefix_override:/home/rajana/ros2_ws/install/my_py_pkg/lib/python3.10/site-packages:${PYTHONPATH} /usr/bin/python3 setup.py develop --editable --build-directory /home/rajana/ros2_ws/build/my_py_pkg/build --no-deps install_data
