[0.232s] Invoking command in '/home/rajana/ros2_ws/build/my_cpp_pkg': CMAKE_PREFIX_PATH=${CMAKE_PREFIX_PATH}:/home/rajana/ros2_ws/install/my_py_pkg:/opt/ros/humble /usr/bin/cmake --build /home/rajana/ros2_ws/build/my_cpp_pkg -- -j8 -l8
[3.023s] [35m[1mConsolidate compiler generated dependencies of target cpp_node[0m
[3.051s] [100%] Built target cpp_node
[3.061s] Invoked command in '/home/rajana/ros2_ws/build/my_cpp_pkg' returned '0': CMAKE_PREFIX_PATH=${CMAKE_PREFIX_PATH}:/home/rajana/ros2_ws/install/my_py_pkg:/opt/ros/humble /usr/bin/cmake --build /home/rajana/ros2_ws/build/my_cpp_pkg -- -j8 -l8
[3.091s] Invoking command in '/home/rajana/ros2_ws/build/my_cpp_pkg': CMAKE_PREFIX_PATH=${CMAKE_PREFIX_PATH}:/home/rajana/ros2_ws/install/my_py_pkg:/opt/ros/humble /usr/bin/cmake --install /home/rajana/ros2_ws/build/my_cpp_pkg
[3.101s] -- Install configuration: ""
[3.146s] -- Up-to-date: /home/rajana/ros2_ws/install/my_cpp_pkg/lib/my_cpp_pkg/cpp_node
[3.147s] -- Up-to-date: /home/rajana/ros2_ws/install/my_cpp_pkg/share/ament_index/resource_index/package_run_dependencies/my_cpp_pkg
[3.152s] -- Up-to-date: /home/rajana/ros2_ws/install/my_cpp_pkg/share/ament_index/resource_index/parent_prefix_path/my_cpp_pkg
[3.153s] -- Up-to-date: /home/rajana/ros2_ws/install/my_cpp_pkg/share/my_cpp_pkg/environment/ament_prefix_path.sh
[3.153s] -- Up-to-date: /home/rajana/ros2_ws/install/my_cpp_pkg/share/my_cpp_pkg/environment/ament_prefix_path.dsv
[3.153s] -- Up-to-date: /home/rajana/ros2_ws/install/my_cpp_pkg/share/my_cpp_pkg/environment/path.sh
[3.154s] -- Up-to-date: /home/rajana/ros2_ws/install/my_cpp_pkg/share/my_cpp_pkg/environment/path.dsv
[3.154s] -- Up-to-date: /home/rajana/ros2_ws/install/my_cpp_pkg/share/my_cpp_pkg/local_setup.bash
[3.154s] -- Up-to-date: /home/rajana/ros2_ws/install/my_cpp_pkg/share/my_cpp_pkg/local_setup.sh
[3.154s] -- Up-to-date: /home/rajana/ros2_ws/install/my_cpp_pkg/share/my_cpp_pkg/local_setup.zsh
[3.154s] -- Up-to-date: /home/rajana/ros2_ws/install/my_cpp_pkg/share/my_cpp_pkg/local_setup.dsv
[3.154s] -- Installing: /home/rajana/ros2_ws/install/my_cpp_pkg/share/my_cpp_pkg/package.dsv
[3.171s] -- Up-to-date: /home/rajana/ros2_ws/install/my_cpp_pkg/share/ament_index/resource_index/packages/my_cpp_pkg
[3.201s] -- Up-to-date: /home/rajana/ros2_ws/install/my_cpp_pkg/share/my_cpp_pkg/cmake/my_cpp_pkgConfig.cmake
[3.202s] -- Up-to-date: /home/rajana/ros2_ws/install/my_cpp_pkg/share/my_cpp_pkg/cmake/my_cpp_pkgConfig-version.cmake
[3.202s] -- Up-to-date: /home/rajana/ros2_ws/install/my_cpp_pkg/share/my_cpp_pkg/package.xml
[3.221s] Invoked command in '/home/rajana/ros2_ws/build/my_cpp_pkg' returned '0': CMAKE_PREFIX_PATH=${CMAKE_PREFIX_PATH}:/home/rajana/ros2_ws/install/my_py_pkg:/opt/ros/humble /usr/bin/cmake --install /home/rajana/ros2_ws/build/my_cpp_pkg
