[0.420s] Invoking command in '/home/rajana/ros2_ws/build/my_py_pkg': PYTHONPATH=/home/rajana/ros2_ws/build/my_py_pkg/prefix_override:/home/rajana/ros2_ws/install/my_py_pkg/lib/python3.10/site-packages:${PYTHONPATH} /usr/bin/python3 setup.py develop --editable --build-directory /home/rajana/ros2_ws/build/my_py_pkg/build --no-deps install_data
[0.594s] running develop
[0.594s] /usr/lib/python3/dist-packages/setuptools/command/easy_install.py:158: EasyInstallDeprecationWarning: easy_install command is deprecated. Use build and pip and other standards-based tools.
[0.594s]   warnings.warn(
[0.595s] /usr/lib/python3/dist-packages/setuptools/command/install.py:34: SetuptoolsDeprecationWarning: setup.py install is deprecated. Use build and pip and other standards-based tools.
[0.595s]   warnings.warn(
[0.698s] running egg_info
[0.698s] writing my_py_pkg.egg-info/PKG-INFO
[0.699s] writing dependency_links to my_py_pkg.egg-info/dependency_links.txt
[0.699s] writing entry points to my_py_pkg.egg-info/entry_points.txt
[0.699s] writing requirements to my_py_pkg.egg-info/requires.txt
[0.699s] writing top-level names to my_py_pkg.egg-info/top_level.txt
[0.701s] reading manifest file 'my_py_pkg.egg-info/SOURCES.txt'
[0.702s] writing manifest file 'my_py_pkg.egg-info/SOURCES.txt'
[0.703s] running build_ext
[0.703s] Creating /home/rajana/ros2_ws/install/my_py_pkg/lib/python3.10/site-packages/my-py-pkg.egg-link (link to .)
[0.704s] Installing add_two_ints_client script to /home/rajana/ros2_ws/install/my_py_pkg/lib/my_py_pkg
[0.704s] Installing add_two_ints_client_no_oop script to /home/rajana/ros2_ws/install/my_py_pkg/lib/my_py_pkg
[0.704s] Installing add_two_ints_server script to /home/rajana/ros2_ws/install/my_py_pkg/lib/my_py_pkg
[0.704s] Installing number_counter script to /home/rajana/ros2_ws/install/my_py_pkg/lib/my_py_pkg
[0.704s] Installing number_publisher script to /home/rajana/ros2_ws/install/my_py_pkg/lib/my_py_pkg
[0.704s] Installing py_node script to /home/rajana/ros2_ws/install/my_py_pkg/lib/my_py_pkg
[0.704s] Installing robot_news_station script to /home/rajana/ros2_ws/install/my_py_pkg/lib/my_py_pkg
[0.704s] Installing smartphone script to /home/rajana/ros2_ws/install/my_py_pkg/lib/my_py_pkg
[0.704s] 
[0.705s] Installed /home/rajana/ros2_ws/build/my_py_pkg
[0.705s] running install_data
[0.727s] Invoked command in '/home/rajana/ros2_ws/build/my_py_pkg' returned '0': PYTHONPATH=/home/rajana/ros2_ws/build/my_py_pkg/prefix_override:/home/rajana/ros2_ws/install/my_py_pkg/lib/python3.10/site-packages:${PYTHONPATH} /usr/bin/python3 setup.py develop --editable --build-directory /home/rajana/ros2_ws/build/my_py_pkg/build --no-deps install_data
