[8.234s] DEBUG:colcon:Command line arguments: ['/usr/bin/colcon', 'build', '--packages-select', 'my_cpp_pkg']
[8.235s] DEBUG:colcon:Parsed command line arguments: Namespace(log_base=None, log_level=None, verb_name='build', build_base='build', install_base='install', merge_install=False, symlink_install=False, test_result_base=None, continue_on_error=False, executor='parallel', parallel_workers=8, event_handlers=None, ignore_user_meta=False, metas=['./colcon.meta'], base_paths=['.'], packages_ignore=None, packages_ignore_regex=None, paths=None, packages_up_to=None, packages_up_to_regex=None, packages_above=None, packages_above_and_dependencies=None, packages_above_depth=None, packages_select_by_dep=None, packages_skip_by_dep=None, packages_skip_up_to=None, packages_select_build_failed=False, packages_skip_build_finished=False, packages_select_test_failures=False, packages_skip_test_passed=False, packages_select=['my_cpp_pkg'], packages_skip=None, packages_select_regex=None, packages_skip_regex=None, packages_start=None, packages_end=None, allow_overriding=[], cmake_args=None, cmake_target=None, cmake_target_skip_unavailable=False, cmake_clean_cache=False, cmake_clean_first=False, cmake_force_configure=False, ament_cmake_args=None, catkin_cmake_args=None, catkin_skip_building_tests=False, verb_parser=<colcon_defaults.argument_parser.defaults.DefaultArgumentsDecorator object at 0x7f6ba54c14e0>, verb_extension=<colcon_core.verb.build.BuildVerb object at 0x7f6ba5cd1f00>, main=<bound method BuildVerb.main of <colcon_core.verb.build.BuildVerb object at 0x7f6ba5cd1f00>>)
[8.798s] Level 1:colcon.colcon_core.package_discovery:discover_packages(colcon_meta) check parameters
[8.798s] Level 1:colcon.colcon_core.package_discovery:discover_packages(recursive) check parameters
[8.799s] Level 1:colcon.colcon_core.package_discovery:discover_packages(ignore) check parameters
[8.799s] Level 1:colcon.colcon_core.package_discovery:discover_packages(path) check parameters
[8.799s] Level 1:colcon.colcon_core.package_discovery:discover_packages(colcon_meta) discover
[8.799s] Level 1:colcon.colcon_core.package_discovery:discover_packages(recursive) discover
[8.799s] INFO:colcon.colcon_core.package_discovery:Crawling recursively for packages in '/home/rajana/ros2_ws/src'
[8.799s] Level 1:colcon.colcon_core.package_identification:_identify(.) by extensions ['ignore', 'ignore_ament_install']
[8.799s] Level 1:colcon.colcon_core.package_identification:_identify(.) by extension 'ignore'
[8.799s] Level 1:colcon.colcon_core.package_identification:_identify(.) by extension 'ignore_ament_install'
[8.799s] Level 1:colcon.colcon_core.package_identification:_identify(.) by extensions ['colcon_pkg']
[8.800s] Level 1:colcon.colcon_core.package_identification:_identify(.) by extension 'colcon_pkg'
[8.800s] Level 1:colcon.colcon_core.package_identification:_identify(.) by extensions ['colcon_meta']
[8.800s] Level 1:colcon.colcon_core.package_identification:_identify(.) by extension 'colcon_meta'
[8.800s] Level 1:colcon.colcon_core.package_identification:_identify(.) by extensions ['ros']
[8.800s] Level 1:colcon.colcon_core.package_identification:_identify(.) by extension 'ros'
[8.874s] Level 1:colcon.colcon_core.package_identification:_identify(.) by extensions ['cmake', 'python']
[8.874s] Level 1:colcon.colcon_core.package_identification:_identify(.) by extension 'cmake'
[8.874s] Level 1:colcon.colcon_core.package_identification:_identify(.) by extension 'python'
[8.875s] Level 1:colcon.colcon_core.package_identification:_identify(.) by extensions ['python_setup_py']
[8.875s] Level 1:colcon.colcon_core.package_identification:_identify(.) by extension 'python_setup_py'
[8.875s] Level 1:colcon.colcon_core.package_identification:_identify(build) by extensions ['ignore', 'ignore_ament_install']
[8.875s] Level 1:colcon.colcon_core.package_identification:_identify(build) by extension 'ignore'
[8.875s] Level 1:colcon.colcon_core.package_identification:_identify(build) ignored
[8.875s] Level 1:colcon.colcon_core.package_identification:_identify(install) by extensions ['ignore', 'ignore_ament_install']
[8.875s] Level 1:colcon.colcon_core.package_identification:_identify(install) by extension 'ignore'
[8.875s] Level 1:colcon.colcon_core.package_identification:_identify(install) ignored
[8.875s] Level 1:colcon.colcon_core.package_identification:_identify(log) by extensions ['ignore', 'ignore_ament_install']
[8.875s] Level 1:colcon.colcon_core.package_identification:_identify(log) by extension 'ignore'
[8.875s] Level 1:colcon.colcon_core.package_identification:_identify(log) ignored
[8.876s] Level 1:colcon.colcon_core.package_identification:_identify(my_cpp_pkg) by extensions ['ignore', 'ignore_ament_install']
[8.876s] Level 1:colcon.colcon_core.package_identification:_identify(my_cpp_pkg) by extension 'ignore'
[8.876s] Level 1:colcon.colcon_core.package_identification:_identify(my_cpp_pkg) by extension 'ignore_ament_install'
[8.876s] Level 1:colcon.colcon_core.package_identification:_identify(my_cpp_pkg) by extensions ['colcon_pkg']
[8.876s] Level 1:colcon.colcon_core.package_identification:_identify(my_cpp_pkg) by extension 'colcon_pkg'
[8.876s] Level 1:colcon.colcon_core.package_identification:_identify(my_cpp_pkg) by extensions ['colcon_meta']
[8.876s] Level 1:colcon.colcon_core.package_identification:_identify(my_cpp_pkg) by extension 'colcon_meta'
[8.876s] Level 1:colcon.colcon_core.package_identification:_identify(my_cpp_pkg) by extensions ['ros']
[8.876s] Level 1:colcon.colcon_core.package_identification:_identify(my_cpp_pkg) by extension 'ros'
[8.941s] DEBUG:colcon.colcon_core.package_identification:Package 'my_cpp_pkg' with type 'ros.ament_cmake' and name 'my_cpp_pkg'
[8.941s] Level 1:colcon.colcon_core.package_identification:_identify(my_py_pkg) by extensions ['ignore', 'ignore_ament_install']
[8.941s] Level 1:colcon.colcon_core.package_identification:_identify(my_py_pkg) by extension 'ignore'
[8.942s] Level 1:colcon.colcon_core.package_identification:_identify(my_py_pkg) by extension 'ignore_ament_install'
[8.942s] Level 1:colcon.colcon_core.package_identification:_identify(my_py_pkg) by extensions ['colcon_pkg']
[8.942s] Level 1:colcon.colcon_core.package_identification:_identify(my_py_pkg) by extension 'colcon_pkg'
[8.942s] Level 1:colcon.colcon_core.package_identification:_identify(my_py_pkg) by extensions ['colcon_meta']
[8.942s] Level 1:colcon.colcon_core.package_identification:_identify(my_py_pkg) by extension 'colcon_meta'
[8.942s] Level 1:colcon.colcon_core.package_identification:_identify(my_py_pkg) by extensions ['ros']
[8.942s] Level 1:colcon.colcon_core.package_identification:_identify(my_py_pkg) by extension 'ros'
[8.963s] DEBUG:colcon.colcon_core.package_identification:Package 'my_py_pkg' with type 'ros.ament_python' and name 'my_py_pkg'
[8.963s] Level 1:colcon.colcon_core.package_discovery:discover_packages(recursive) using defaults
[8.964s] Level 1:colcon.colcon_core.package_discovery:discover_packages(ignore) discover
[8.964s] Level 1:colcon.colcon_core.package_discovery:discover_packages(ignore) using defaults
[8.964s] Level 1:colcon.colcon_core.package_discovery:discover_packages(path) discover
[8.964s] Level 1:colcon.colcon_core.package_discovery:discover_packages(path) using defaults
[9.166s] INFO:colcon.colcon_core.package_selection:Skipping not selected package 'my_py_pkg' in 'my_py_pkg'
[9.168s] Level 1:colcon.colcon_core.package_discovery:discover_packages(prefix_path) check parameters
[9.168s] Level 1:colcon.colcon_core.package_discovery:discover_packages(prefix_path) discover
[9.217s] DEBUG:colcon.colcon_installed_package_information.package_discovery:Found 2 installed packages in /home/rajana/ros2_ws/install
[9.221s] DEBUG:colcon.colcon_installed_package_information.package_discovery:Found 270 installed packages in /opt/ros/humble
[9.225s] Level 1:colcon.colcon_core.package_discovery:discover_packages(prefix_path) using defaults
[9.318s] Level 5:colcon.colcon_core.verb:set package 'my_cpp_pkg' build argument 'cmake_args' from command line to 'None'
[9.318s] Level 5:colcon.colcon_core.verb:set package 'my_cpp_pkg' build argument 'cmake_target' from command line to 'None'
[9.318s] Level 5:colcon.colcon_core.verb:set package 'my_cpp_pkg' build argument 'cmake_target_skip_unavailable' from command line to 'False'
[9.318s] Level 5:colcon.colcon_core.verb:set package 'my_cpp_pkg' build argument 'cmake_clean_cache' from command line to 'False'
[9.318s] Level 5:colcon.colcon_core.verb:set package 'my_cpp_pkg' build argument 'cmake_clean_first' from command line to 'False'
[9.318s] Level 5:colcon.colcon_core.verb:set package 'my_cpp_pkg' build argument 'cmake_force_configure' from command line to 'False'
[9.318s] Level 5:colcon.colcon_core.verb:set package 'my_cpp_pkg' build argument 'ament_cmake_args' from command line to 'None'
[9.318s] Level 5:colcon.colcon_core.verb:set package 'my_cpp_pkg' build argument 'catkin_cmake_args' from command line to 'None'
[9.318s] Level 5:colcon.colcon_core.verb:set package 'my_cpp_pkg' build argument 'catkin_skip_building_tests' from command line to 'False'
[9.318s] DEBUG:colcon.colcon_core.verb:Building package 'my_cpp_pkg' with the following arguments: {'ament_cmake_args': None, 'build_base': '/home/rajana/ros2_ws/src/build/my_cpp_pkg', 'catkin_cmake_args': None, 'catkin_skip_building_tests': False, 'cmake_args': None, 'cmake_clean_cache': False, 'cmake_clean_first': False, 'cmake_force_configure': False, 'cmake_target': None, 'cmake_target_skip_unavailable': False, 'install_base': '/home/rajana/ros2_ws/src/install/my_cpp_pkg', 'merge_install': False, 'path': '/home/rajana/ros2_ws/src/my_cpp_pkg', 'symlink_install': False, 'test_result_base': None}
[9.319s] INFO:colcon.colcon_core.executor:Executing jobs using 'parallel' executor
[9.321s] DEBUG:colcon.colcon_parallel_executor.executor.parallel:run_until_complete
[9.321s] INFO:colcon.colcon_ros.task.ament_cmake.build:Building ROS package in '/home/rajana/ros2_ws/src/my_cpp_pkg' with build type 'ament_cmake'
[9.322s] INFO:colcon.colcon_cmake.task.cmake.build:Building CMake package in '/home/rajana/ros2_ws/src/my_cpp_pkg'
[9.330s] INFO:colcon.colcon_core.plugin_system:Skipping extension 'colcon_core.shell.bat': Not used on non-Windows systems
[9.331s] INFO:colcon.colcon_core.shell:Skip shell extension 'powershell' for command environment: Not usable outside of PowerShell
[9.331s] DEBUG:colcon.colcon_core.shell:Skip shell extension 'dsv' for command environment
[9.350s] DEBUG:colcon.colcon_core.event_handler.log_command:Invoking command in '/home/rajana/ros2_ws/src/build/my_cpp_pkg': CMAKE_PREFIX_PATH=${CMAKE_PREFIX_PATH}:/home/rajana/ros2_ws/install/my_py_pkg:/opt/ros/humble /usr/bin/cmake /home/rajana/ros2_ws/src/my_cpp_pkg -DCMAKE_INSTALL_PREFIX=/home/rajana/ros2_ws/src/install/my_cpp_pkg
[20.514s] DEBUG:colcon.colcon_core.event_handler.log_command:Invoked command in '/home/rajana/ros2_ws/src/build/my_cpp_pkg' returned '0': CMAKE_PREFIX_PATH=${CMAKE_PREFIX_PATH}:/home/rajana/ros2_ws/install/my_py_pkg:/opt/ros/humble /usr/bin/cmake /home/rajana/ros2_ws/src/my_cpp_pkg -DCMAKE_INSTALL_PREFIX=/home/rajana/ros2_ws/src/install/my_cpp_pkg
[20.515s] DEBUG:colcon.colcon_core.event_handler.log_command:Invoking command in '/home/rajana/ros2_ws/src/build/my_cpp_pkg': CMAKE_PREFIX_PATH=${CMAKE_PREFIX_PATH}:/home/rajana/ros2_ws/install/my_py_pkg:/opt/ros/humble /usr/bin/cmake --build /home/rajana/ros2_ws/src/build/my_cpp_pkg -- -j8 -l8
[25.235s] DEBUG:colcon.colcon_core.event_handler.log_command:Invoked command in '/home/rajana/ros2_ws/src/build/my_cpp_pkg' returned '0': CMAKE_PREFIX_PATH=${CMAKE_PREFIX_PATH}:/home/rajana/ros2_ws/install/my_py_pkg:/opt/ros/humble /usr/bin/cmake --build /home/rajana/ros2_ws/src/build/my_cpp_pkg -- -j8 -l8
[25.263s] DEBUG:colcon.colcon_core.event_handler.log_command:Invoking command in '/home/rajana/ros2_ws/src/build/my_cpp_pkg': CMAKE_PREFIX_PATH=${CMAKE_PREFIX_PATH}:/home/rajana/ros2_ws/install/my_py_pkg:/opt/ros/humble /usr/bin/cmake --install /home/rajana/ros2_ws/src/build/my_cpp_pkg
[25.273s] Level 1:colcon.colcon_core.environment:create_environment_scripts_only(my_cpp_pkg)
[25.274s] DEBUG:colcon.colcon_core.event_handler.log_command:Invoked command in '/home/rajana/ros2_ws/src/build/my_cpp_pkg' returned '0': CMAKE_PREFIX_PATH=${CMAKE_PREFIX_PATH}:/home/rajana/ros2_ws/install/my_py_pkg:/opt/ros/humble /usr/bin/cmake --install /home/rajana/ros2_ws/src/build/my_cpp_pkg
[25.448s] Level 1:colcon.colcon_core.environment:checking '/home/rajana/ros2_ws/src/install/my_cpp_pkg' for CMake module files
[25.449s] Level 1:colcon.colcon_core.environment:checking '/home/rajana/ros2_ws/src/install/my_cpp_pkg' for CMake config files
[25.449s] Level 1:colcon.colcon_core.shell:create_environment_hook('my_cpp_pkg', 'cmake_prefix_path')
[25.451s] INFO:colcon.colcon_core.shell:Creating environment hook '/home/rajana/ros2_ws/src/install/my_cpp_pkg/share/my_cpp_pkg/hook/cmake_prefix_path.ps1'
[25.490s] INFO:colcon.colcon_core.shell:Creating environment descriptor '/home/rajana/ros2_ws/src/install/my_cpp_pkg/share/my_cpp_pkg/hook/cmake_prefix_path.dsv'
[25.507s] INFO:colcon.colcon_core.shell:Creating environment hook '/home/rajana/ros2_ws/src/install/my_cpp_pkg/share/my_cpp_pkg/hook/cmake_prefix_path.sh'
[25.510s] Level 1:colcon.colcon_core.environment:checking '/home/rajana/ros2_ws/src/install/my_cpp_pkg/lib'
[25.511s] Level 1:colcon.colcon_core.environment:checking '/home/rajana/ros2_ws/src/install/my_cpp_pkg/bin'
[25.511s] Level 1:colcon.colcon_core.environment:checking '/home/rajana/ros2_ws/src/install/my_cpp_pkg/lib/pkgconfig/my_cpp_pkg.pc'
[25.511s] Level 1:colcon.colcon_core.environment:checking '/home/rajana/ros2_ws/src/install/my_cpp_pkg/lib/python3.10/site-packages'
[25.512s] Level 1:colcon.colcon_core.environment:checking '/home/rajana/ros2_ws/src/install/my_cpp_pkg/bin'
[25.514s] INFO:colcon.colcon_core.shell:Creating package script '/home/rajana/ros2_ws/src/install/my_cpp_pkg/share/my_cpp_pkg/package.ps1'
[25.516s] INFO:colcon.colcon_core.shell:Creating package descriptor '/home/rajana/ros2_ws/src/install/my_cpp_pkg/share/my_cpp_pkg/package.dsv'
[25.518s] INFO:colcon.colcon_core.shell:Creating package script '/home/rajana/ros2_ws/src/install/my_cpp_pkg/share/my_cpp_pkg/package.sh'
[25.519s] INFO:colcon.colcon_core.shell:Creating package script '/home/rajana/ros2_ws/src/install/my_cpp_pkg/share/my_cpp_pkg/package.bash'
[25.547s] INFO:colcon.colcon_core.shell:Creating package script '/home/rajana/ros2_ws/src/install/my_cpp_pkg/share/my_cpp_pkg/package.zsh'
[25.574s] Level 1:colcon.colcon_core.environment:create_file_with_runtime_dependencies(/home/rajana/ros2_ws/src/install/my_cpp_pkg/share/colcon-core/packages/my_cpp_pkg)
[25.618s] Level 1:colcon.colcon_core.environment:create_environment_scripts_only(my_cpp_pkg)
[25.621s] Level 1:colcon.colcon_core.environment:checking '/home/rajana/ros2_ws/src/install/my_cpp_pkg' for CMake module files
[25.622s] Level 1:colcon.colcon_core.environment:checking '/home/rajana/ros2_ws/src/install/my_cpp_pkg' for CMake config files
[25.622s] Level 1:colcon.colcon_core.shell:create_environment_hook('my_cpp_pkg', 'cmake_prefix_path')
[25.624s] INFO:colcon.colcon_core.shell:Creating environment hook '/home/rajana/ros2_ws/src/install/my_cpp_pkg/share/my_cpp_pkg/hook/cmake_prefix_path.ps1'
[25.624s] INFO:colcon.colcon_core.shell:Creating environment descriptor '/home/rajana/ros2_ws/src/install/my_cpp_pkg/share/my_cpp_pkg/hook/cmake_prefix_path.dsv'
[25.625s] INFO:colcon.colcon_core.shell:Creating environment hook '/home/rajana/ros2_ws/src/install/my_cpp_pkg/share/my_cpp_pkg/hook/cmake_prefix_path.sh'
[25.625s] Level 1:colcon.colcon_core.environment:checking '/home/rajana/ros2_ws/src/install/my_cpp_pkg/lib'
[25.625s] Level 1:colcon.colcon_core.environment:checking '/home/rajana/ros2_ws/src/install/my_cpp_pkg/bin'
[25.625s] Level 1:colcon.colcon_core.environment:checking '/home/rajana/ros2_ws/src/install/my_cpp_pkg/lib/pkgconfig/my_cpp_pkg.pc'
[25.626s] Level 1:colcon.colcon_core.environment:checking '/home/rajana/ros2_ws/src/install/my_cpp_pkg/lib/python3.10/site-packages'
[25.626s] Level 1:colcon.colcon_core.environment:checking '/home/rajana/ros2_ws/src/install/my_cpp_pkg/bin'
[25.627s] INFO:colcon.colcon_core.shell:Creating package script '/home/rajana/ros2_ws/src/install/my_cpp_pkg/share/my_cpp_pkg/package.ps1'
[25.628s] INFO:colcon.colcon_core.shell:Creating package descriptor '/home/rajana/ros2_ws/src/install/my_cpp_pkg/share/my_cpp_pkg/package.dsv'
[25.628s] INFO:colcon.colcon_core.shell:Creating package script '/home/rajana/ros2_ws/src/install/my_cpp_pkg/share/my_cpp_pkg/package.sh'
[25.628s] INFO:colcon.colcon_core.shell:Creating package script '/home/rajana/ros2_ws/src/install/my_cpp_pkg/share/my_cpp_pkg/package.bash'
[25.629s] INFO:colcon.colcon_core.shell:Creating package script '/home/rajana/ros2_ws/src/install/my_cpp_pkg/share/my_cpp_pkg/package.zsh'
[25.629s] Level 1:colcon.colcon_core.environment:create_file_with_runtime_dependencies(/home/rajana/ros2_ws/src/install/my_cpp_pkg/share/colcon-core/packages/my_cpp_pkg)
[25.629s] DEBUG:colcon.colcon_parallel_executor.executor.parallel:closing loop
[25.629s] DEBUG:colcon.colcon_parallel_executor.executor.parallel:loop closed
[25.629s] DEBUG:colcon.colcon_parallel_executor.executor.parallel:run_until_complete finished with '0'
[25.630s] DEBUG:colcon.colcon_core.event_reactor:joining thread
[25.663s] INFO:colcon.colcon_core.plugin_system:Skipping extension 'colcon_notification.desktop_notification.terminal_notifier': Not used on non-Darwin systems
[25.664s] INFO:colcon.colcon_core.plugin_system:Skipping extension 'colcon_notification.desktop_notification.win32': Not used on non-Windows systems
[25.664s] INFO:colcon.colcon_notification.desktop_notification:Sending desktop notification using 'notify2'
[25.681s] DEBUG:colcon.colcon_core.event_reactor:joined thread
[25.683s] INFO:colcon.colcon_core.shell:Creating prefix script '/home/rajana/ros2_ws/src/install/local_setup.ps1'
[25.688s] INFO:colcon.colcon_core.shell:Creating prefix util module '/home/rajana/ros2_ws/src/install/_local_setup_util_ps1.py'
[25.696s] INFO:colcon.colcon_core.shell:Creating prefix chain script '/home/rajana/ros2_ws/src/install/setup.ps1'
[25.698s] INFO:colcon.colcon_core.shell:Creating prefix script '/home/rajana/ros2_ws/src/install/local_setup.sh'
[25.707s] INFO:colcon.colcon_core.shell:Creating prefix util module '/home/rajana/ros2_ws/src/install/_local_setup_util_sh.py'
[25.707s] INFO:colcon.colcon_core.shell:Creating prefix chain script '/home/rajana/ros2_ws/src/install/setup.sh'
[25.710s] INFO:colcon.colcon_core.shell:Creating prefix script '/home/rajana/ros2_ws/src/install/local_setup.bash'
[25.712s] INFO:colcon.colcon_core.shell:Creating prefix chain script '/home/rajana/ros2_ws/src/install/setup.bash'
[25.714s] INFO:colcon.colcon_core.shell:Creating prefix script '/home/rajana/ros2_ws/src/install/local_setup.zsh'
[25.716s] INFO:colcon.colcon_core.shell:Creating prefix chain script '/home/rajana/ros2_ws/src/install/setup.zsh'
