[0.944s] Invoking command in '/home/rajana/ros2_ws/build/my_py_pkg': PYTHONPATH=/home/rajana/ros2_ws/build/my_py_pkg/prefix_override:/home/rajana/ros2_ws/install/my_py_pkg/lib/python3.10/site-packages:${PYTHONPATH} /usr/bin/python3 setup.py develop --editable --build-directory /home/rajana/ros2_ws/build/my_py_pkg/build --no-deps install_data
[1.119s] running develop
[1.119s] /usr/lib/python3/dist-packages/setuptools/command/easy_install.py:158: EasyInstallDeprecationWarning: easy_install command is deprecated. Use build and pip and other standards-based tools.
[1.119s]   warnings.warn(
[1.120s] /usr/lib/python3/dist-packages/setuptools/command/install.py:34: SetuptoolsDeprecationWarning: setup.py install is deprecated. Use build and pip and other standards-based tools.
[1.120s]   warnings.warn(
[1.223s] running egg_info
[1.223s] writing my_py_pkg.egg-info/PKG-INFO
[1.223s] writing dependency_links to my_py_pkg.egg-info/dependency_links.txt
[1.223s] writing entry points to my_py_pkg.egg-info/entry_points.txt
[1.224s] writing requirements to my_py_pkg.egg-info/requires.txt
[1.224s] writing top-level names to my_py_pkg.egg-info/top_level.txt
[1.227s] reading manifest file 'my_py_pkg.egg-info/SOURCES.txt'
[1.227s] writing manifest file 'my_py_pkg.egg-info/SOURCES.txt'
[1.228s] running build_ext
[1.228s] Creating /home/rajana/ros2_ws/install/my_py_pkg/lib/python3.10/site-packages/my-py-pkg.egg-link (link to .)
[1.229s] Installing py_node script to /home/rajana/ros2_ws/install/my_py_pkg/lib/my_py_pkg
[1.252s] Installing robot_news_station script to /home/rajana/ros2_ws/install/my_py_pkg/lib/my_py_pkg
[1.252s] 
[1.252s] Installed /home/rajana/ros2_ws/build/my_py_pkg
[1.252s] running install_data
[1.276s] Invoked command in '/home/rajana/ros2_ws/build/my_py_pkg' returned '0': PYTHONPATH=/home/rajana/ros2_ws/build/my_py_pkg/prefix_override:/home/rajana/ros2_ws/install/my_py_pkg/lib/python3.10/site-packages:${PYTHONPATH} /usr/bin/python3 setup.py develop --editable --build-directory /home/rajana/ros2_ws/build/my_py_pkg/build --no-deps install_data
