[0.480s] Invoking command in '/home/rajana/ros2_ws/build/my_py_pkg': PYTHONPATH=/home/rajana/ros2_ws/build/my_py_pkg/prefix_override:/home/rajana/ros2_ws/install/my_py_pkg/lib/python3.10/site-packages:${PYTHONPATH} /usr/bin/python3 setup.py develop --uninstall --editable --build-directory /home/rajana/ros2_ws/build/my_py_pkg/build
[0.683s] running develop
[0.683s] /usr/lib/python3/dist-packages/setuptools/command/easy_install.py:158: EasyInstallDeprecationWarning: easy_install command is deprecated. Use build and pip and other standards-based tools.
[0.683s]   warnings.warn(
[0.684s] /usr/lib/python3/dist-packages/setuptools/command/install.py:34: SetuptoolsDeprecationWarning: setup.py install is deprecated. Use build and pip and other standards-based tools.
[0.684s]   warnings.warn(
[0.842s] Invoked command in '/home/rajana/ros2_ws/build/my_py_pkg' returned '0': PYTHONPATH=/home/rajana/ros2_ws/build/my_py_pkg/prefix_override:/home/rajana/ros2_ws/install/my_py_pkg/lib/python3.10/site-packages:${PYTHONPATH} /usr/bin/python3 setup.py develop --uninstall --editable --build-directory /home/rajana/ros2_ws/build/my_py_pkg/build
[0.843s] Invoking command in '/home/rajana/ros2_ws/src/my_py_pkg': PYTHONPATH=/home/rajana/ros2_ws/build/my_py_pkg/prefix_override:/home/rajana/ros2_ws/install/my_py_pkg/lib/python3.10/site-packages:${PYTHONPATH} /usr/bin/python3 setup.py egg_info --egg-base ../../build/my_py_pkg build --build-base /home/rajana/ros2_ws/build/my_py_pkg/build install --record /home/rajana/ros2_ws/build/my_py_pkg/install.log --single-version-externally-managed
[1.022s] running egg_info
[1.022s] writing ../../build/my_py_pkg/my_py_pkg.egg-info/PKG-INFO
[1.023s] writing dependency_links to ../../build/my_py_pkg/my_py_pkg.egg-info/dependency_links.txt
[1.023s] writing entry points to ../../build/my_py_pkg/my_py_pkg.egg-info/entry_points.txt
[1.023s] writing requirements to ../../build/my_py_pkg/my_py_pkg.egg-info/requires.txt
[1.023s] writing top-level names to ../../build/my_py_pkg/my_py_pkg.egg-info/top_level.txt
[1.026s] reading manifest file '../../build/my_py_pkg/my_py_pkg.egg-info/SOURCES.txt'
[1.027s] writing manifest file '../../build/my_py_pkg/my_py_pkg.egg-info/SOURCES.txt'
[1.027s] running build
[1.027s] running build_py
[1.027s] copying my_py_pkg/add_two_ints_server.py -> /home/rajana/ros2_ws/build/my_py_pkg/build/lib/my_py_pkg
[1.027s] running install
[1.027s] /usr/lib/python3/dist-packages/setuptools/command/install.py:34: SetuptoolsDeprecationWarning: setup.py install is deprecated. Use build and pip and other standards-based tools.
[1.028s]   warnings.warn(
[1.028s] running install_lib
[1.028s] copying /home/rajana/ros2_ws/build/my_py_pkg/build/lib/my_py_pkg/add_two_ints_server.py -> /home/rajana/ros2_ws/install/my_py_pkg/lib/python3.10/site-packages/my_py_pkg
[1.029s] byte-compiling /home/rajana/ros2_ws/install/my_py_pkg/lib/python3.10/site-packages/my_py_pkg/add_two_ints_server.py to add_two_ints_server.cpython-310.pyc
[1.029s] running install_data
[1.030s] running install_egg_info
[1.031s] removing '/home/rajana/ros2_ws/install/my_py_pkg/lib/python3.10/site-packages/my_py_pkg-0.0.0-py3.10.egg-info' (and everything under it)
[1.031s] Copying ../../build/my_py_pkg/my_py_pkg.egg-info to /home/rajana/ros2_ws/install/my_py_pkg/lib/python3.10/site-packages/my_py_pkg-0.0.0-py3.10.egg-info
[1.032s] running install_scripts
[1.050s] Installing add_two_ints_server script to /home/rajana/ros2_ws/install/my_py_pkg/lib/my_py_pkg
[1.050s] Installing number_counter script to /home/rajana/ros2_ws/install/my_py_pkg/lib/my_py_pkg
[1.050s] Installing number_publisher script to /home/rajana/ros2_ws/install/my_py_pkg/lib/my_py_pkg
[1.050s] Installing py_node script to /home/rajana/ros2_ws/install/my_py_pkg/lib/my_py_pkg
[1.050s] Installing robot_news_station script to /home/rajana/ros2_ws/install/my_py_pkg/lib/my_py_pkg
[1.050s] Installing smartphone script to /home/rajana/ros2_ws/install/my_py_pkg/lib/my_py_pkg
[1.050s] writing list of installed files to '/home/rajana/ros2_ws/build/my_py_pkg/install.log'
[1.080s] Invoked command in '/home/rajana/ros2_ws/src/my_py_pkg' returned '0': PYTHONPATH=/home/rajana/ros2_ws/build/my_py_pkg/prefix_override:/home/rajana/ros2_ws/install/my_py_pkg/lib/python3.10/site-packages:${PYTHONPATH} /usr/bin/python3 setup.py egg_info --egg-base ../../build/my_py_pkg build --build-base /home/rajana/ros2_ws/build/my_py_pkg/build install --record /home/rajana/ros2_ws/build/my_py_pkg/install.log --single-version-externally-managed
