[0.438s] Invoking command in '/home/rajana/ros2_ws/build/my_py_pkg': PYTHONPATH=/home/rajana/ros2_ws/build/my_py_pkg/prefix_override:/home/rajana/ros2_ws/install/my_py_pkg/lib/python3.10/site-packages:${PYTHONPATH} /usr/bin/python3 setup.py develop --uninstall --editable --build-directory /home/rajana/ros2_ws/build/my_py_pkg/build
[0.615s] running develop
[0.616s] /usr/lib/python3/dist-packages/setuptools/command/easy_install.py:158: EasyInstallDeprecationWarning: easy_install command is deprecated. Use build and pip and other standards-based tools.
[0.616s]   warnings.warn(
[0.617s] /usr/lib/python3/dist-packages/setuptools/command/install.py:34: SetuptoolsDeprecationWarning: setup.py install is deprecated. Use build and pip and other standards-based tools.
[0.617s]   warnings.warn(
[0.743s] Invoked command in '/home/rajana/ros2_ws/build/my_py_pkg' returned '0': PYTHONPATH=/home/rajana/ros2_ws/build/my_py_pkg/prefix_override:/home/rajana/ros2_ws/install/my_py_pkg/lib/python3.10/site-packages:${PYTHONPATH} /usr/bin/python3 setup.py develop --uninstall --editable --build-directory /home/rajana/ros2_ws/build/my_py_pkg/build
[0.743s] Invoking command in '/home/rajana/ros2_ws/src/my_py_pkg': PYTHONPATH=/home/rajana/ros2_ws/build/my_py_pkg/prefix_override:/home/rajana/ros2_ws/install/my_py_pkg/lib/python3.10/site-packages:${PYTHONPATH} /usr/bin/python3 setup.py egg_info --egg-base ../../build/my_py_pkg build --build-base /home/rajana/ros2_ws/build/my_py_pkg/build install --record /home/rajana/ros2_ws/build/my_py_pkg/install.log --single-version-externally-managed
[0.902s] running egg_info
[0.902s] writing ../../build/my_py_pkg/my_py_pkg.egg-info/PKG-INFO
[0.903s] writing dependency_links to ../../build/my_py_pkg/my_py_pkg.egg-info/dependency_links.txt
[0.903s] writing entry points to ../../build/my_py_pkg/my_py_pkg.egg-info/entry_points.txt
[0.903s] writing requirements to ../../build/my_py_pkg/my_py_pkg.egg-info/requires.txt
[0.903s] writing top-level names to ../../build/my_py_pkg/my_py_pkg.egg-info/top_level.txt
[0.905s] reading manifest file '../../build/my_py_pkg/my_py_pkg.egg-info/SOURCES.txt'
[0.906s] writing manifest file '../../build/my_py_pkg/my_py_pkg.egg-info/SOURCES.txt'
[0.906s] running build
[0.906s] running build_py
[0.906s] copying my_py_pkg/number_counter.py -> /home/rajana/ros2_ws/build/my_py_pkg/build/lib/my_py_pkg
[0.906s] running install
[0.907s] /usr/lib/python3/dist-packages/setuptools/command/install.py:34: SetuptoolsDeprecationWarning: setup.py install is deprecated. Use build and pip and other standards-based tools.
[0.907s]   warnings.warn(
[0.907s] running install_lib
[0.907s] copying /home/rajana/ros2_ws/build/my_py_pkg/build/lib/my_py_pkg/number_counter.py -> /home/rajana/ros2_ws/install/my_py_pkg/lib/python3.10/site-packages/my_py_pkg
[0.908s] byte-compiling /home/rajana/ros2_ws/install/my_py_pkg/lib/python3.10/site-packages/my_py_pkg/number_counter.py to number_counter.cpython-310.pyc
[0.909s] running install_data
[0.909s] running install_egg_info
[0.910s] removing '/home/rajana/ros2_ws/install/my_py_pkg/lib/python3.10/site-packages/my_py_pkg-0.0.0-py3.10.egg-info' (and everything under it)
[0.911s] Copying ../../build/my_py_pkg/my_py_pkg.egg-info to /home/rajana/ros2_ws/install/my_py_pkg/lib/python3.10/site-packages/my_py_pkg-0.0.0-py3.10.egg-info
[0.911s] running install_scripts
[0.927s] Installing number_counter script to /home/rajana/ros2_ws/install/my_py_pkg/lib/my_py_pkg
[0.928s] Installing number_publisher script to /home/rajana/ros2_ws/install/my_py_pkg/lib/my_py_pkg
[0.928s] Installing py_node script to /home/rajana/ros2_ws/install/my_py_pkg/lib/my_py_pkg
[0.928s] Installing robot_news_station script to /home/rajana/ros2_ws/install/my_py_pkg/lib/my_py_pkg
[0.928s] Installing smartphone script to /home/rajana/ros2_ws/install/my_py_pkg/lib/my_py_pkg
[0.928s] writing list of installed files to '/home/rajana/ros2_ws/build/my_py_pkg/install.log'
[0.949s] Invoked command in '/home/rajana/ros2_ws/src/my_py_pkg' returned '0': PYTHONPATH=/home/rajana/ros2_ws/build/my_py_pkg/prefix_override:/home/rajana/ros2_ws/install/my_py_pkg/lib/python3.10/site-packages:${PYTHONPATH} /usr/bin/python3 setup.py egg_info --egg-base ../../build/my_py_pkg build --build-base /home/rajana/ros2_ws/build/my_py_pkg/build install --record /home/rajana/ros2_ws/build/my_py_pkg/install.log --single-version-externally-managed
