[0.012s] Invoking command in '/home/rajana/ros2_ws/build/my_cpp_pkg': CMAKE_PREFIX_PATH=${CMAKE_PREFIX_PATH}:/home/rajana/ros2_ws/install/my_py_pkg:/opt/ros/humble /usr/bin/cmake --build /home/rajana/ros2_ws/build/my_cpp_pkg -- -j8 -l8
[0.190s] -- Found ament_cmake: 1.3.5 (/opt/ros/humble/share/ament_cmake/cmake)
[1.100s] -- Found rclcpp: 16.0.5 (/opt/ros/humble/share/rclcpp/cmake)
[2.376s] -- Found rosidl_generator_c: 3.1.5 (/opt/ros/humble/share/rosidl_generator_c/cmake)
[2.440s] -- Found rosidl_adapter: 3.1.5 (/opt/ros/humble/share/rosidl_adapter/cmake)
[2.554s] -- Found rosidl_generator_cpp: 3.1.5 (/opt/ros/humble/share/rosidl_generator_cpp/cmake)
[2.649s] -- Using all available rosidl_typesupport_c: rosidl_typesupport_fastrtps_c;rosidl_typesupport_introspection_c
[2.829s] -- Using all available rosidl_typesupport_cpp: rosidl_typesupport_fastrtps_cpp;rosidl_typesupport_introspection_cpp
[3.191s] -- Found rmw_implementation_cmake: 6.1.1 (/opt/ros/humble/share/rmw_implementation_cmake/cmake)
[3.229s] -- Found rmw_fastrtps_cpp: 6.2.3 (/opt/ros/humble/share/rmw_fastrtps_cpp/cmake)
[3.764s] -- Using RMW implementation 'rmw_fastrtps_cpp' as default
[4.330s] -- Found ament_lint_auto: 0.12.7 (/opt/ros/humble/share/ament_lint_auto/cmake)
[4.632s] -- Added test 'cppcheck' to perform static code analysis on C / C++ code
[4.632s] -- Configured cppcheck include dirs: 
[4.632s] -- Configured cppcheck exclude dirs and/or files: 
[4.648s] -- Added test 'lint_cmake' to check CMake code style
[4.650s] -- Added test 'uncrustify' to check C / C++ code style
[4.651s] -- Configured uncrustify additional arguments: 
[4.661s] -- Added test 'xmllint' to check XML markup files
[4.671s] -- Configuring done
[4.748s] -- Generating done
[4.751s] -- Build files have been written to: /home/rajana/ros2_ws/build/my_cpp_pkg
[4.788s] [ 50%] [32mBuilding CXX object CMakeFiles/cpp_node.dir/src/my_first_node.cpp.o[0m
[8.435s] [100%] [32m[1mLinking CXX executable cpp_node[0m
[9.619s] [100%] Built target cpp_node
[9.628s] Invoked command in '/home/rajana/ros2_ws/build/my_cpp_pkg' returned '0': CMAKE_PREFIX_PATH=${CMAKE_PREFIX_PATH}:/home/rajana/ros2_ws/install/my_py_pkg:/opt/ros/humble /usr/bin/cmake --build /home/rajana/ros2_ws/build/my_cpp_pkg -- -j8 -l8
[9.657s] Invoking command in '/home/rajana/ros2_ws/build/my_cpp_pkg': CMAKE_PREFIX_PATH=${CMAKE_PREFIX_PATH}:/home/rajana/ros2_ws/install/my_py_pkg:/opt/ros/humble /usr/bin/cmake --install /home/rajana/ros2_ws/build/my_cpp_pkg
[9.667s] -- Install configuration: ""
[9.667s] -- Installing: /home/rajana/ros2_ws/install/my_cpp_pkg/lib/my_cpp_pkg/cpp_node
[9.667s] -- Set runtime path of "/home/rajana/ros2_ws/install/my_cpp_pkg/lib/my_cpp_pkg/cpp_node" to ""
[9.668s] -- Up-to-date: /home/rajana/ros2_ws/install/my_cpp_pkg/share/ament_index/resource_index/package_run_dependencies/my_cpp_pkg
[9.668s] -- Installing: /home/rajana/ros2_ws/install/my_cpp_pkg/share/ament_index/resource_index/parent_prefix_path/my_cpp_pkg
[9.668s] -- Up-to-date: /home/rajana/ros2_ws/install/my_cpp_pkg/share/my_cpp_pkg/environment/ament_prefix_path.sh
[9.668s] -- Installing: /home/rajana/ros2_ws/install/my_cpp_pkg/share/my_cpp_pkg/environment/ament_prefix_path.dsv
[9.668s] -- Up-to-date: /home/rajana/ros2_ws/install/my_cpp_pkg/share/my_cpp_pkg/environment/path.sh
[9.668s] -- Installing: /home/rajana/ros2_ws/install/my_cpp_pkg/share/my_cpp_pkg/environment/path.dsv
[9.668s] -- Up-to-date: /home/rajana/ros2_ws/install/my_cpp_pkg/share/my_cpp_pkg/local_setup.bash
[9.668s] -- Up-to-date: /home/rajana/ros2_ws/install/my_cpp_pkg/share/my_cpp_pkg/local_setup.sh
[9.668s] -- Up-to-date: /home/rajana/ros2_ws/install/my_cpp_pkg/share/my_cpp_pkg/local_setup.zsh
[9.668s] -- Installing: /home/rajana/ros2_ws/install/my_cpp_pkg/share/my_cpp_pkg/local_setup.dsv
[9.668s] -- Installing: /home/rajana/ros2_ws/install/my_cpp_pkg/share/my_cpp_pkg/package.dsv
[9.688s] -- Up-to-date: /home/rajana/ros2_ws/install/my_cpp_pkg/share/ament_index/resource_index/packages/my_cpp_pkg
[9.688s] -- Up-to-date: /home/rajana/ros2_ws/install/my_cpp_pkg/share/my_cpp_pkg/cmake/my_cpp_pkgConfig.cmake
[9.689s] -- Up-to-date: /home/rajana/ros2_ws/install/my_cpp_pkg/share/my_cpp_pkg/cmake/my_cpp_pkgConfig-version.cmake
[9.689s] -- Up-to-date: /home/rajana/ros2_ws/install/my_cpp_pkg/share/my_cpp_pkg/package.xml
[9.693s] Invoked command in '/home/rajana/ros2_ws/build/my_cpp_pkg' returned '0': CMAKE_PREFIX_PATH=${CMAKE_PREFIX_PATH}:/home/rajana/ros2_ws/install/my_py_pkg:/opt/ros/humble /usr/bin/cmake --install /home/rajana/ros2_ws/build/my_cpp_pkg
