[25.296s] DEBUG:colcon:Command line arguments: ['/usr/bin/colcon', 'build', '--packages-select', 'my_py_pkg']
[25.296s] DEBUG:colcon:Parsed command line arguments: Namespace(log_base=None, log_level=None, verb_name='build', build_base='build', install_base='install', merge_install=False, symlink_install=False, test_result_base=None, continue_on_error=False, executor='parallel', parallel_workers=8, event_handlers=None, ignore_user_meta=False, metas=['./colcon.meta'], base_paths=['.'], packages_ignore=None, packages_ignore_regex=None, paths=None, packages_up_to=None, packages_up_to_regex=None, packages_above=None, packages_above_and_dependencies=None, packages_above_depth=None, packages_select_by_dep=None, packages_skip_by_dep=None, packages_skip_up_to=None, packages_select_build_failed=False, packages_skip_build_finished=False, packages_select_test_failures=False, packages_skip_test_passed=False, packages_select=['my_py_pkg'], packages_skip=None, packages_select_regex=None, packages_skip_regex=None, packages_start=None, packages_end=None, allow_overriding=[], cmake_args=None, cmake_target=None, cmake_target_skip_unavailable=False, cmake_clean_cache=False, cmake_clean_first=False, cmake_force_configure=False, ament_cmake_args=None, catkin_cmake_args=None, catkin_skip_building_tests=False, verb_parser=<colcon_defaults.argument_parser.defaults.DefaultArgumentsDecorator object at 0x7f06448bd810>, verb_extension=<colcon_core.verb.build.BuildVerb object at 0x7f06450d3d00>, main=<bound method BuildVerb.main of <colcon_core.verb.build.BuildVerb object at 0x7f06450d3d00>>)
[25.372s] Level 1:colcon.colcon_core.package_discovery:discover_packages(colcon_meta) check parameters
[25.372s] Level 1:colcon.colcon_core.package_discovery:discover_packages(recursive) check parameters
[25.372s] Level 1:colcon.colcon_core.package_discovery:discover_packages(ignore) check parameters
[25.372s] Level 1:colcon.colcon_core.package_discovery:discover_packages(path) check parameters
[25.372s] Level 1:colcon.colcon_core.package_discovery:discover_packages(colcon_meta) discover
[25.372s] Level 1:colcon.colcon_core.package_discovery:discover_packages(recursive) discover
[25.372s] INFO:colcon.colcon_core.package_discovery:Crawling recursively for packages in '/home/rajana/ros2_ws'
[25.454s] Level 1:colcon.colcon_core.package_identification:_identify(.) by extensions ['ignore', 'ignore_ament_install']
[25.454s] Level 1:colcon.colcon_core.package_identification:_identify(.) by extension 'ignore'
[25.454s] Level 1:colcon.colcon_core.package_identification:_identify(.) by extension 'ignore_ament_install'
[25.454s] Level 1:colcon.colcon_core.package_identification:_identify(.) by extensions ['colcon_pkg']
[25.454s] Level 1:colcon.colcon_core.package_identification:_identify(.) by extension 'colcon_pkg'
[25.455s] Level 1:colcon.colcon_core.package_identification:_identify(.) by extensions ['colcon_meta']
[25.455s] Level 1:colcon.colcon_core.package_identification:_identify(.) by extension 'colcon_meta'
[25.455s] Level 1:colcon.colcon_core.package_identification:_identify(.) by extensions ['ros']
[25.455s] Level 1:colcon.colcon_core.package_identification:_identify(.) by extension 'ros'
[25.474s] Level 1:colcon.colcon_core.package_identification:_identify(.) by extensions ['cmake', 'python']
[25.475s] Level 1:colcon.colcon_core.package_identification:_identify(.) by extension 'cmake'
[25.475s] Level 1:colcon.colcon_core.package_identification:_identify(.) by extension 'python'
[25.475s] Level 1:colcon.colcon_core.package_identification:_identify(.) by extensions ['python_setup_py']
[25.475s] Level 1:colcon.colcon_core.package_identification:_identify(.) by extension 'python_setup_py'
[25.475s] Level 1:colcon.colcon_core.package_identification:_identify(build) by extensions ['ignore', 'ignore_ament_install']
[25.475s] Level 1:colcon.colcon_core.package_identification:_identify(build) by extension 'ignore'
[25.475s] Level 1:colcon.colcon_core.package_identification:_identify(build) ignored
[25.475s] Level 1:colcon.colcon_core.package_identification:_identify(install) by extensions ['ignore', 'ignore_ament_install']
[25.475s] Level 1:colcon.colcon_core.package_identification:_identify(install) by extension 'ignore'
[25.475s] Level 1:colcon.colcon_core.package_identification:_identify(install) ignored
[25.475s] Level 1:colcon.colcon_core.package_identification:_identify(log) by extensions ['ignore', 'ignore_ament_install']
[25.475s] Level 1:colcon.colcon_core.package_identification:_identify(log) by extension 'ignore'
[25.475s] Level 1:colcon.colcon_core.package_identification:_identify(log) ignored
[25.475s] Level 1:colcon.colcon_core.package_identification:_identify(src) by extensions ['ignore', 'ignore_ament_install']
[25.475s] Level 1:colcon.colcon_core.package_identification:_identify(src) by extension 'ignore'
[25.475s] Level 1:colcon.colcon_core.package_identification:_identify(src) by extension 'ignore_ament_install'
[25.476s] Level 1:colcon.colcon_core.package_identification:_identify(src) by extensions ['colcon_pkg']
[25.476s] Level 1:colcon.colcon_core.package_identification:_identify(src) by extension 'colcon_pkg'
[25.476s] Level 1:colcon.colcon_core.package_identification:_identify(src) by extensions ['colcon_meta']
[25.476s] Level 1:colcon.colcon_core.package_identification:_identify(src) by extension 'colcon_meta'
[25.476s] Level 1:colcon.colcon_core.package_identification:_identify(src) by extensions ['ros']
[25.476s] Level 1:colcon.colcon_core.package_identification:_identify(src) by extension 'ros'
[25.476s] Level 1:colcon.colcon_core.package_identification:_identify(src) by extensions ['cmake', 'python']
[25.476s] Level 1:colcon.colcon_core.package_identification:_identify(src) by extension 'cmake'
[25.476s] Level 1:colcon.colcon_core.package_identification:_identify(src) by extension 'python'
[25.476s] Level 1:colcon.colcon_core.package_identification:_identify(src) by extensions ['python_setup_py']
[25.476s] Level 1:colcon.colcon_core.package_identification:_identify(src) by extension 'python_setup_py'
[25.476s] Level 1:colcon.colcon_core.package_identification:_identify(src/my_cpp_pkg) by extensions ['ignore', 'ignore_ament_install']
[25.476s] Level 1:colcon.colcon_core.package_identification:_identify(src/my_cpp_pkg) by extension 'ignore'
[25.476s] Level 1:colcon.colcon_core.package_identification:_identify(src/my_cpp_pkg) by extension 'ignore_ament_install'
[25.476s] Level 1:colcon.colcon_core.package_identification:_identify(src/my_cpp_pkg) by extensions ['colcon_pkg']
[25.476s] Level 1:colcon.colcon_core.package_identification:_identify(src/my_cpp_pkg) by extension 'colcon_pkg'
[25.476s] Level 1:colcon.colcon_core.package_identification:_identify(src/my_cpp_pkg) by extensions ['colcon_meta']
[25.476s] Level 1:colcon.colcon_core.package_identification:_identify(src/my_cpp_pkg) by extension 'colcon_meta'
[25.476s] Level 1:colcon.colcon_core.package_identification:_identify(src/my_cpp_pkg) by extensions ['ros']
[25.476s] Level 1:colcon.colcon_core.package_identification:_identify(src/my_cpp_pkg) by extension 'ros'
[25.478s] DEBUG:colcon.colcon_core.package_identification:Package 'src/my_cpp_pkg' with type 'ros.ament_cmake' and name 'my_cpp_pkg'
[25.478s] Level 1:colcon.colcon_core.package_identification:_identify(src/my_py_pkg) by extensions ['ignore', 'ignore_ament_install']
[25.478s] Level 1:colcon.colcon_core.package_identification:_identify(src/my_py_pkg) by extension 'ignore'
[25.478s] Level 1:colcon.colcon_core.package_identification:_identify(src/my_py_pkg) by extension 'ignore_ament_install'
[25.478s] Level 1:colcon.colcon_core.package_identification:_identify(src/my_py_pkg) by extensions ['colcon_pkg']
[25.478s] Level 1:colcon.colcon_core.package_identification:_identify(src/my_py_pkg) by extension 'colcon_pkg'
[25.478s] Level 1:colcon.colcon_core.package_identification:_identify(src/my_py_pkg) by extensions ['colcon_meta']
[25.479s] Level 1:colcon.colcon_core.package_identification:_identify(src/my_py_pkg) by extension 'colcon_meta'
[25.479s] Level 1:colcon.colcon_core.package_identification:_identify(src/my_py_pkg) by extensions ['ros']
[25.479s] Level 1:colcon.colcon_core.package_identification:_identify(src/my_py_pkg) by extension 'ros'
[25.479s] DEBUG:colcon.colcon_core.package_identification:Package 'src/my_py_pkg' with type 'ros.ament_python' and name 'my_py_pkg'
[25.479s] Level 1:colcon.colcon_core.package_discovery:discover_packages(recursive) using defaults
[25.479s] Level 1:colcon.colcon_core.package_discovery:discover_packages(ignore) discover
[25.479s] Level 1:colcon.colcon_core.package_discovery:discover_packages(ignore) using defaults
[25.479s] Level 1:colcon.colcon_core.package_discovery:discover_packages(path) discover
[25.479s] Level 1:colcon.colcon_core.package_discovery:discover_packages(path) using defaults
[25.642s] INFO:colcon.colcon_core.package_selection:Skipping not selected package 'my_cpp_pkg' in 'src/my_cpp_pkg'
[25.642s] Level 1:colcon.colcon_core.package_discovery:discover_packages(prefix_path) check parameters
[25.642s] Level 1:colcon.colcon_core.package_discovery:discover_packages(prefix_path) discover
[25.674s] DEBUG:colcon.colcon_installed_package_information.package_discovery:Found 2 installed packages in /home/rajana/ros2_ws/install
[26.020s] DEBUG:colcon.colcon_installed_package_information.package_discovery:Found 270 installed packages in /opt/ros/humble
[26.025s] Level 1:colcon.colcon_core.package_discovery:discover_packages(prefix_path) using defaults
[26.077s] Level 5:colcon.colcon_core.verb:set package 'my_py_pkg' build argument 'cmake_args' from command line to 'None'
[26.077s] Level 5:colcon.colcon_core.verb:set package 'my_py_pkg' build argument 'cmake_target' from command line to 'None'
[26.077s] Level 5:colcon.colcon_core.verb:set package 'my_py_pkg' build argument 'cmake_target_skip_unavailable' from command line to 'False'
[26.077s] Level 5:colcon.colcon_core.verb:set package 'my_py_pkg' build argument 'cmake_clean_cache' from command line to 'False'
[26.077s] Level 5:colcon.colcon_core.verb:set package 'my_py_pkg' build argument 'cmake_clean_first' from command line to 'False'
[26.077s] Level 5:colcon.colcon_core.verb:set package 'my_py_pkg' build argument 'cmake_force_configure' from command line to 'False'
[26.077s] Level 5:colcon.colcon_core.verb:set package 'my_py_pkg' build argument 'ament_cmake_args' from command line to 'None'
[26.077s] Level 5:colcon.colcon_core.verb:set package 'my_py_pkg' build argument 'catkin_cmake_args' from command line to 'None'
[26.077s] Level 5:colcon.colcon_core.verb:set package 'my_py_pkg' build argument 'catkin_skip_building_tests' from command line to 'False'
[26.077s] DEBUG:colcon.colcon_core.verb:Building package 'my_py_pkg' with the following arguments: {'ament_cmake_args': None, 'build_base': '/home/rajana/ros2_ws/build/my_py_pkg', 'catkin_cmake_args': None, 'catkin_skip_building_tests': False, 'cmake_args': None, 'cmake_clean_cache': False, 'cmake_clean_first': False, 'cmake_force_configure': False, 'cmake_target': None, 'cmake_target_skip_unavailable': False, 'install_base': '/home/rajana/ros2_ws/install/my_py_pkg', 'merge_install': False, 'path': '/home/rajana/ros2_ws/src/my_py_pkg', 'symlink_install': False, 'test_result_base': None}
[26.078s] INFO:colcon.colcon_core.executor:Executing jobs using 'parallel' executor
[26.081s] DEBUG:colcon.colcon_parallel_executor.executor.parallel:run_until_complete
[26.081s] INFO:colcon.colcon_ros.task.ament_python.build:Building ROS package in '/home/rajana/ros2_ws/src/my_py_pkg' with build type 'ament_python'
[26.081s] Level 1:colcon.colcon_core.shell:create_environment_hook('my_py_pkg', 'ament_prefix_path')
[26.085s] INFO:colcon.colcon_core.plugin_system:Skipping extension 'colcon_core.shell.bat': Not used on non-Windows systems
[26.085s] INFO:colcon.colcon_core.shell:Creating environment hook '/home/rajana/ros2_ws/install/my_py_pkg/share/my_py_pkg/hook/ament_prefix_path.ps1'
[26.085s] INFO:colcon.colcon_core.shell:Creating environment descriptor '/home/rajana/ros2_ws/install/my_py_pkg/share/my_py_pkg/hook/ament_prefix_path.dsv'
[26.086s] INFO:colcon.colcon_core.shell:Creating environment hook '/home/rajana/ros2_ws/install/my_py_pkg/share/my_py_pkg/hook/ament_prefix_path.sh'
[26.087s] INFO:colcon.colcon_core.shell:Skip shell extension 'powershell' for command environment: Not usable outside of PowerShell
[26.087s] DEBUG:colcon.colcon_core.shell:Skip shell extension 'dsv' for command environment
[26.333s] INFO:colcon.colcon_core.task.python.build:Building Python package in '/home/rajana/ros2_ws/src/my_py_pkg'
[26.334s] INFO:colcon.colcon_core.shell:Skip shell extension 'powershell' for command environment: Not usable outside of PowerShell
[26.334s] DEBUG:colcon.colcon_core.shell:Skip shell extension 'dsv' for command environment
[26.669s] DEBUG:colcon.colcon_core.event_handler.log_command:Invoking command in '/home/rajana/ros2_ws/src/my_py_pkg': PYTHONPATH=/home/rajana/ros2_ws/build/my_py_pkg/prefix_override:/home/rajana/ros2_ws/install/my_py_pkg/lib/python3.10/site-packages:${PYTHONPATH} /usr/bin/python3 setup.py egg_info --egg-base ../../build/my_py_pkg build --build-base /home/rajana/ros2_ws/build/my_py_pkg/build install --record /home/rajana/ros2_ws/build/my_py_pkg/install.log --single-version-externally-managed
[27.122s] DEBUG:colcon.colcon_core.event_handler.log_command:Invoked command in '/home/rajana/ros2_ws/src/my_py_pkg' returned '0': PYTHONPATH=/home/rajana/ros2_ws/build/my_py_pkg/prefix_override:/home/rajana/ros2_ws/install/my_py_pkg/lib/python3.10/site-packages:${PYTHONPATH} /usr/bin/python3 setup.py egg_info --egg-base ../../build/my_py_pkg build --build-base /home/rajana/ros2_ws/build/my_py_pkg/build install --record /home/rajana/ros2_ws/build/my_py_pkg/install.log --single-version-externally-managed
[27.124s] Level 1:colcon.colcon_core.environment:checking '/home/rajana/ros2_ws/install/my_py_pkg' for CMake module files
[27.124s] Level 1:colcon.colcon_core.environment:checking '/home/rajana/ros2_ws/install/my_py_pkg' for CMake config files
[27.125s] Level 1:colcon.colcon_core.environment:checking '/home/rajana/ros2_ws/install/my_py_pkg/lib'
[27.125s] Level 1:colcon.colcon_core.environment:checking '/home/rajana/ros2_ws/install/my_py_pkg/bin'
[27.125s] Level 1:colcon.colcon_core.environment:checking '/home/rajana/ros2_ws/install/my_py_pkg/lib/pkgconfig/my_py_pkg.pc'
[27.126s] Level 1:colcon.colcon_core.environment:checking '/home/rajana/ros2_ws/install/my_py_pkg/lib/python3.10/site-packages'
[27.126s] Level 1:colcon.colcon_core.shell:create_environment_hook('my_py_pkg', 'pythonpath')
[27.127s] INFO:colcon.colcon_core.shell:Creating environment hook '/home/rajana/ros2_ws/install/my_py_pkg/share/my_py_pkg/hook/pythonpath.ps1'
[27.128s] INFO:colcon.colcon_core.shell:Creating environment descriptor '/home/rajana/ros2_ws/install/my_py_pkg/share/my_py_pkg/hook/pythonpath.dsv'
[27.128s] INFO:colcon.colcon_core.shell:Creating environment hook '/home/rajana/ros2_ws/install/my_py_pkg/share/my_py_pkg/hook/pythonpath.sh'
[27.129s] Level 1:colcon.colcon_core.environment:checking '/home/rajana/ros2_ws/install/my_py_pkg/bin'
[27.129s] Level 1:colcon.colcon_core.environment:create_environment_scripts_only(my_py_pkg)
[27.131s] INFO:colcon.colcon_core.shell:Creating package script '/home/rajana/ros2_ws/install/my_py_pkg/share/my_py_pkg/package.ps1'
[27.133s] INFO:colcon.colcon_core.shell:Creating package descriptor '/home/rajana/ros2_ws/install/my_py_pkg/share/my_py_pkg/package.dsv'
[27.133s] INFO:colcon.colcon_core.shell:Creating package script '/home/rajana/ros2_ws/install/my_py_pkg/share/my_py_pkg/package.sh'
[27.133s] INFO:colcon.colcon_core.shell:Creating package script '/home/rajana/ros2_ws/install/my_py_pkg/share/my_py_pkg/package.bash'
[27.134s] INFO:colcon.colcon_core.shell:Creating package script '/home/rajana/ros2_ws/install/my_py_pkg/share/my_py_pkg/package.zsh'
[27.134s] Level 1:colcon.colcon_core.environment:create_file_with_runtime_dependencies(/home/rajana/ros2_ws/install/my_py_pkg/share/colcon-core/packages/my_py_pkg)
[27.135s] DEBUG:colcon.colcon_parallel_executor.executor.parallel:closing loop
[27.135s] DEBUG:colcon.colcon_parallel_executor.executor.parallel:loop closed
[27.135s] DEBUG:colcon.colcon_parallel_executor.executor.parallel:run_until_complete finished with '0'
[27.135s] DEBUG:colcon.colcon_core.event_reactor:joining thread
[27.419s] INFO:colcon.colcon_core.plugin_system:Skipping extension 'colcon_notification.desktop_notification.terminal_notifier': Not used on non-Darwin systems
[27.420s] INFO:colcon.colcon_core.plugin_system:Skipping extension 'colcon_notification.desktop_notification.win32': Not used on non-Windows systems
[27.420s] INFO:colcon.colcon_notification.desktop_notification:Sending desktop notification using 'notify2'
[27.447s] DEBUG:colcon.colcon_core.event_reactor:joined thread
[27.449s] INFO:colcon.colcon_core.shell:Creating prefix script '/home/rajana/ros2_ws/install/local_setup.ps1'
[27.450s] INFO:colcon.colcon_core.shell:Creating prefix util module '/home/rajana/ros2_ws/install/_local_setup_util_ps1.py'
[27.452s] INFO:colcon.colcon_core.shell:Creating prefix chain script '/home/rajana/ros2_ws/install/setup.ps1'
[27.453s] INFO:colcon.colcon_core.shell:Creating prefix script '/home/rajana/ros2_ws/install/local_setup.sh'
[27.454s] INFO:colcon.colcon_core.shell:Creating prefix util module '/home/rajana/ros2_ws/install/_local_setup_util_sh.py'
[27.454s] INFO:colcon.colcon_core.shell:Creating prefix chain script '/home/rajana/ros2_ws/install/setup.sh'
[27.455s] INFO:colcon.colcon_core.shell:Creating prefix script '/home/rajana/ros2_ws/install/local_setup.bash'
[27.455s] INFO:colcon.colcon_core.shell:Creating prefix chain script '/home/rajana/ros2_ws/install/setup.bash'
[27.456s] INFO:colcon.colcon_core.shell:Creating prefix script '/home/rajana/ros2_ws/install/local_setup.zsh'
[27.457s] INFO:colcon.colcon_core.shell:Creating prefix chain script '/home/rajana/ros2_ws/install/setup.zsh'
