[0.501s] Invoking command in '/home/rajana/ros2_ws/src/my_py_pkg': PYTHONPATH=/home/rajana/ros2_ws/build/my_py_pkg/prefix_override:/home/rajana/ros2_ws/install/my_py_pkg/lib/python3.10/site-packages:${PYTHONPATH} /usr/bin/python3 setup.py egg_info --egg-base ../../build/my_py_pkg build --build-base /home/rajana/ros2_ws/build/my_py_pkg/build install --record /home/rajana/ros2_ws/build/my_py_pkg/install.log --single-version-externally-managed
[0.679s] running egg_info
[0.679s] writing ../../build/my_py_pkg/my_py_pkg.egg-info/PKG-INFO
[0.680s] writing dependency_links to ../../build/my_py_pkg/my_py_pkg.egg-info/dependency_links.txt
[0.680s] writing entry points to ../../build/my_py_pkg/my_py_pkg.egg-info/entry_points.txt
[0.680s] writing requirements to ../../build/my_py_pkg/my_py_pkg.egg-info/requires.txt
[0.680s] writing top-level names to ../../build/my_py_pkg/my_py_pkg.egg-info/top_level.txt
[0.682s] reading manifest file '../../build/my_py_pkg/my_py_pkg.egg-info/SOURCES.txt'
[0.683s] writing manifest file '../../build/my_py_pkg/my_py_pkg.egg-info/SOURCES.txt'
[0.683s] running build
[0.683s] running build_py
[0.683s] running install
[0.683s] /usr/lib/python3/dist-packages/setuptools/command/install.py:34: SetuptoolsDeprecationWarning: setup.py install is deprecated. Use build and pip and other standards-based tools.
[0.683s]   warnings.warn(
[0.683s] running install_lib
[0.684s] running install_data
[0.684s] running install_egg_info
[0.686s] removing '/home/rajana/ros2_ws/install/my_py_pkg/lib/python3.10/site-packages/my_py_pkg-0.0.0-py3.10.egg-info' (and everything under it)
[0.686s] Copying ../../build/my_py_pkg/my_py_pkg.egg-info to /home/rajana/ros2_ws/install/my_py_pkg/lib/python3.10/site-packages/my_py_pkg-0.0.0-py3.10.egg-info
[0.686s] running install_scripts
[0.704s] writing list of installed files to '/home/rajana/ros2_ws/build/my_py_pkg/install.log'
[0.728s] Invoked command in '/home/rajana/ros2_ws/src/my_py_pkg' returned '0': PYTHONPATH=/home/rajana/ros2_ws/build/my_py_pkg/prefix_override:/home/rajana/ros2_ws/install/my_py_pkg/lib/python3.10/site-packages:${PYTHONPATH} /usr/bin/python3 setup.py egg_info --egg-base ../../build/my_py_pkg build --build-base /home/rajana/ros2_ws/build/my_py_pkg/build install --record /home/rajana/ros2_ws/build/my_py_pkg/install.log --single-version-externally-managed
