[0.042s] Invoking command in '/home/rajana/ros2_ws/build/my_cpp_pkg': CMAKE_PREFIX_PATH=${CMAKE_PREFIX_PATH}:/home/rajana/ros2_ws/install/my_py_pkg:/opt/ros/humble /usr/bin/cmake --build /home/rajana/ros2_ws/build/my_cpp_pkg -- -j8 -l8
[0.070s] -- Found ament_cmake: 1.3.5 (/opt/ros/humble/share/ament_cmake/cmake)
[0.192s] -- Found rclcpp: 16.0.5 (/opt/ros/humble/share/rclcpp/cmake)
[0.216s] -- Found rosidl_generator_c: 3.1.5 (/opt/ros/humble/share/rosidl_generator_c/cmake)
[0.218s] -- Found rosidl_adapter: 3.1.5 (/opt/ros/humble/share/rosidl_adapter/cmake)
[0.223s] -- Found rosidl_generator_cpp: 3.1.5 (/opt/ros/humble/share/rosidl_generator_cpp/cmake)
[0.233s] -- Using all available rosidl_typesupport_c: rosidl_typesupport_fastrtps_c;rosidl_typesupport_introspection_c
[0.246s] -- Using all available rosidl_typesupport_cpp: rosidl_typesupport_fastrtps_cpp;rosidl_typesupport_introspection_cpp
[0.293s] -- Found rmw_implementation_cmake: 6.1.1 (/opt/ros/humble/share/rmw_implementation_cmake/cmake)
[0.294s] -- Found rmw_fastrtps_cpp: 6.2.3 (/opt/ros/humble/share/rmw_fastrtps_cpp/cmake)
[0.479s] -- Using RMW implementation 'rmw_fastrtps_cpp' as default
[0.615s] -- Found example_interfaces: 0.9.3 (/opt/ros/humble/share/example_interfaces/cmake)
[0.733s] -- Found ament_lint_auto: 0.12.7 (/opt/ros/humble/share/ament_lint_auto/cmake)
[0.798s] -- Added test 'cppcheck' to perform static code analysis on C / C++ code
[0.798s] -- Configured cppcheck include dirs: 
[0.798s] -- Configured cppcheck exclude dirs and/or files: 
[0.799s] -- Added test 'lint_cmake' to check CMake code style
[0.799s] -- Added test 'uncrustify' to check C / C++ code style
[0.799s] -- Configured uncrustify additional arguments: 
[0.799s] -- Added test 'xmllint' to check XML markup files
[0.800s] -- Configuring done
[0.857s] -- Generating done
[0.862s] -- Build files have been written to: /home/rajana/ros2_ws/build/my_cpp_pkg
[0.884s] [35m[1mConsolidate compiler generated dependencies of target robot_news_station[0m
[0.884s] [35m[1mConsolidate compiler generated dependencies of target cpp_node[0m
[0.884s] [35m[1mConsolidate compiler generated dependencies of target smartphone[0m
[0.885s] [35m[1mConsolidate compiler generated dependencies of target add_two_ints_server[0m
[0.898s] [ 10%] [32mBuilding CXX object CMakeFiles/add_two_ints_client_no_oop.dir/src/add_two_ints_client_no_oop.cpp.o[0m
[0.900s] [ 30%] Built target smartphone
[0.900s] [ 50%] Built target cpp_node
[0.902s] [ 70%] Built target robot_news_station
[0.902s] [ 90%] Built target add_two_ints_server
[5.507s] [100%] [32m[1mLinking CXX executable add_two_ints_client_no_oop[0m
[5.648s] [100%] Built target add_two_ints_client_no_oop
[5.657s] Invoked command in '/home/rajana/ros2_ws/build/my_cpp_pkg' returned '0': CMAKE_PREFIX_PATH=${CMAKE_PREFIX_PATH}:/home/rajana/ros2_ws/install/my_py_pkg:/opt/ros/humble /usr/bin/cmake --build /home/rajana/ros2_ws/build/my_cpp_pkg -- -j8 -l8
[5.694s] Invoking command in '/home/rajana/ros2_ws/build/my_cpp_pkg': CMAKE_PREFIX_PATH=${CMAKE_PREFIX_PATH}:/home/rajana/ros2_ws/install/my_py_pkg:/opt/ros/humble /usr/bin/cmake --install /home/rajana/ros2_ws/build/my_cpp_pkg
[5.700s] -- Install configuration: ""
[5.700s] -- Up-to-date: /home/rajana/ros2_ws/install/my_cpp_pkg/lib/my_cpp_pkg/cpp_node
[5.700s] -- Up-to-date: /home/rajana/ros2_ws/install/my_cpp_pkg/lib/my_cpp_pkg/robot_news_station
[5.700s] -- Up-to-date: /home/rajana/ros2_ws/install/my_cpp_pkg/lib/my_cpp_pkg/smartphone
[5.701s] -- Up-to-date: /home/rajana/ros2_ws/install/my_cpp_pkg/lib/my_cpp_pkg/add_two_ints_server
[5.701s] -- Installing: /home/rajana/ros2_ws/install/my_cpp_pkg/lib/my_cpp_pkg/add_two_ints_client_no_oop
[5.701s] -- Set runtime path of "/home/rajana/ros2_ws/install/my_cpp_pkg/lib/my_cpp_pkg/add_two_ints_client_no_oop" to ""
[5.702s] -- Up-to-date: /home/rajana/ros2_ws/install/my_cpp_pkg/share/ament_index/resource_index/package_run_dependencies/my_cpp_pkg
[5.702s] -- Up-to-date: /home/rajana/ros2_ws/install/my_cpp_pkg/share/ament_index/resource_index/parent_prefix_path/my_cpp_pkg
[5.702s] -- Up-to-date: /home/rajana/ros2_ws/install/my_cpp_pkg/share/my_cpp_pkg/environment/ament_prefix_path.sh
[5.702s] -- Installing: /home/rajana/ros2_ws/install/my_cpp_pkg/share/my_cpp_pkg/environment/ament_prefix_path.dsv
[5.702s] -- Up-to-date: /home/rajana/ros2_ws/install/my_cpp_pkg/share/my_cpp_pkg/environment/path.sh
[5.702s] -- Installing: /home/rajana/ros2_ws/install/my_cpp_pkg/share/my_cpp_pkg/environment/path.dsv
[5.702s] -- Up-to-date: /home/rajana/ros2_ws/install/my_cpp_pkg/share/my_cpp_pkg/local_setup.bash
[5.702s] -- Up-to-date: /home/rajana/ros2_ws/install/my_cpp_pkg/share/my_cpp_pkg/local_setup.sh
[5.702s] -- Up-to-date: /home/rajana/ros2_ws/install/my_cpp_pkg/share/my_cpp_pkg/local_setup.zsh
[5.702s] -- Installing: /home/rajana/ros2_ws/install/my_cpp_pkg/share/my_cpp_pkg/local_setup.dsv
[5.702s] -- Installing: /home/rajana/ros2_ws/install/my_cpp_pkg/share/my_cpp_pkg/package.dsv
[5.702s] -- Up-to-date: /home/rajana/ros2_ws/install/my_cpp_pkg/share/ament_index/resource_index/packages/my_cpp_pkg
[5.702s] -- Up-to-date: /home/rajana/ros2_ws/install/my_cpp_pkg/share/my_cpp_pkg/cmake/my_cpp_pkgConfig.cmake
[5.702s] -- Up-to-date: /home/rajana/ros2_ws/install/my_cpp_pkg/share/my_cpp_pkg/cmake/my_cpp_pkgConfig-version.cmake
[5.702s] -- Up-to-date: /home/rajana/ros2_ws/install/my_cpp_pkg/share/my_cpp_pkg/package.xml
[5.704s] Invoked command in '/home/rajana/ros2_ws/build/my_cpp_pkg' returned '0': CMAKE_PREFIX_PATH=${CMAKE_PREFIX_PATH}:/home/rajana/ros2_ws/install/my_py_pkg:/opt/ros/humble /usr/bin/cmake --install /home/rajana/ros2_ws/build/my_cpp_pkg
