[0.028s] Invoking command in '/home/rajana/ros2_ws/src/build/my_cpp_pkg': CMAKE_PREFIX_PATH=${CMAKE_PREFIX_PATH}:/home/rajana/ros2_ws/install/my_py_pkg:/opt/ros/humble /usr/bin/cmake /home/rajana/ros2_ws/src/my_cpp_pkg -DCMAKE_INSTALL_PREFIX=/home/rajana/ros2_ws/src/install/my_cpp_pkg
[1.390s] -- The C compiler identification is GNU 11.4.0
[1.851s] -- The CXX compiler identification is GNU 11.4.0
[1.931s] -- Detecting C compiler ABI info
[2.165s] -- Detecting C compiler ABI info - done
[2.170s] -- Check for working C compiler: /usr/bin/cc - skipped
[2.171s] -- Detecting C compile features
[2.192s] -- Detecting C compile features - done
[2.209s] -- Detecting CXX compiler ABI info
[2.346s] -- Detecting CXX compiler ABI info - done
[2.353s] -- Check for working CXX compiler: /usr/bin/c++ - skipped
[2.354s] -- Detecting CXX compile features
[2.354s] -- Detecting CXX compile features - done
[2.495s] -- Found ament_cmake: 1.3.5 (/opt/ros/humble/share/ament_cmake/cmake)
[2.876s] -- Found Python3: /usr/bin/python3.10 (found version "3.10.12") found components: Interpreter 
[3.703s] -- Found rclcpp: 16.0.5 (/opt/ros/humble/share/rclcpp/cmake)
[4.647s] -- Found rosidl_generator_c: 3.1.5 (/opt/ros/humble/share/rosidl_generator_c/cmake)
[4.722s] -- Found rosidl_adapter: 3.1.5 (/opt/ros/humble/share/rosidl_adapter/cmake)
[4.870s] -- Found rosidl_generator_cpp: 3.1.5 (/opt/ros/humble/share/rosidl_generator_cpp/cmake)
[5.082s] -- Using all available rosidl_typesupport_c: rosidl_typesupport_fastrtps_c;rosidl_typesupport_introspection_c
[5.220s] -- Using all available rosidl_typesupport_cpp: rosidl_typesupport_fastrtps_cpp;rosidl_typesupport_introspection_cpp
[5.783s] -- Found rmw_implementation_cmake: 6.1.1 (/opt/ros/humble/share/rmw_implementation_cmake/cmake)
[5.839s] -- Found rmw_fastrtps_cpp: 6.2.3 (/opt/ros/humble/share/rmw_fastrtps_cpp/cmake)
[8.241s] -- Found OpenSSL: /usr/lib/x86_64-linux-gnu/libcrypto.so (found version "3.0.2")  
[8.696s] -- Found FastRTPS: /opt/ros/humble/include  
[8.729s] -- Using RMW implementation 'rmw_fastrtps_cpp' as default
[8.895s] -- Looking for pthread.h
[9.110s] -- Looking for pthread.h - found
[9.111s] -- Performing Test CMAKE_HAVE_LIBC_PTHREAD
[9.175s] -- Performing Test CMAKE_HAVE_LIBC_PTHREAD - Success
[9.175s] -- Found Threads: TRUE  
[9.754s] -- Found ament_lint_auto: 0.12.7 (/opt/ros/humble/share/ament_lint_auto/cmake)
[11.071s] -- Added test 'cppcheck' to perform static code analysis on C / C++ code
[11.071s] -- Configured cppcheck include dirs: 
[11.071s] -- Configured cppcheck exclude dirs and/or files: 
[11.072s] -- Added test 'lint_cmake' to check CMake code style
[11.092s] -- Added test 'uncrustify' to check C / C++ code style
[11.093s] -- Configured uncrustify additional arguments: 
[11.102s] -- Added test 'xmllint' to check XML markup files
[11.106s] -- Configuring done
[11.175s] -- Generating done
[11.178s] -- Build files have been written to: /home/rajana/ros2_ws/src/build/my_cpp_pkg
[11.192s] Invoked command in '/home/rajana/ros2_ws/src/build/my_cpp_pkg' returned '0': CMAKE_PREFIX_PATH=${CMAKE_PREFIX_PATH}:/home/rajana/ros2_ws/install/my_py_pkg:/opt/ros/humble /usr/bin/cmake /home/rajana/ros2_ws/src/my_cpp_pkg -DCMAKE_INSTALL_PREFIX=/home/rajana/ros2_ws/src/install/my_cpp_pkg
[11.193s] Invoking command in '/home/rajana/ros2_ws/src/build/my_cpp_pkg': CMAKE_PREFIX_PATH=${CMAKE_PREFIX_PATH}:/home/rajana/ros2_ws/install/my_py_pkg:/opt/ros/humble /usr/bin/cmake --build /home/rajana/ros2_ws/src/build/my_cpp_pkg -- -j8 -l8
[11.247s] [ 50%] [32mBuilding CXX object CMakeFiles/cpp_node.dir/src/my_first_node.cpp.o[0m
[14.869s] [100%] [32m[1mLinking CXX executable cpp_node[0m
[15.904s] [100%] Built target cpp_node
[15.913s] Invoked command in '/home/rajana/ros2_ws/src/build/my_cpp_pkg' returned '0': CMAKE_PREFIX_PATH=${CMAKE_PREFIX_PATH}:/home/rajana/ros2_ws/install/my_py_pkg:/opt/ros/humble /usr/bin/cmake --build /home/rajana/ros2_ws/src/build/my_cpp_pkg -- -j8 -l8
[15.941s] Invoking command in '/home/rajana/ros2_ws/src/build/my_cpp_pkg': CMAKE_PREFIX_PATH=${CMAKE_PREFIX_PATH}:/home/rajana/ros2_ws/install/my_py_pkg:/opt/ros/humble /usr/bin/cmake --install /home/rajana/ros2_ws/src/build/my_cpp_pkg
[15.948s] -- Install configuration: ""
[15.949s] -- Installing: /home/rajana/ros2_ws/src/install/my_cpp_pkg/lib/my_cpp_pkg/cpp_node
[15.949s] -- Set runtime path of "/home/rajana/ros2_ws/src/install/my_cpp_pkg/lib/my_cpp_pkg/cpp_node" to ""
[15.949s] -- Installing: /home/rajana/ros2_ws/src/install/my_cpp_pkg/share/ament_index/resource_index/package_run_dependencies/my_cpp_pkg
[15.949s] -- Installing: /home/rajana/ros2_ws/src/install/my_cpp_pkg/share/ament_index/resource_index/parent_prefix_path/my_cpp_pkg
[15.949s] -- Installing: /home/rajana/ros2_ws/src/install/my_cpp_pkg/share/my_cpp_pkg/environment/ament_prefix_path.sh
[15.949s] -- Installing: /home/rajana/ros2_ws/src/install/my_cpp_pkg/share/my_cpp_pkg/environment/ament_prefix_path.dsv
[15.949s] -- Installing: /home/rajana/ros2_ws/src/install/my_cpp_pkg/share/my_cpp_pkg/environment/path.sh
[15.949s] -- Installing: /home/rajana/ros2_ws/src/install/my_cpp_pkg/share/my_cpp_pkg/environment/path.dsv
[15.950s] -- Installing: /home/rajana/ros2_ws/src/install/my_cpp_pkg/share/my_cpp_pkg/local_setup.bash
[15.950s] -- Installing: /home/rajana/ros2_ws/src/install/my_cpp_pkg/share/my_cpp_pkg/local_setup.sh
[15.950s] -- Installing: /home/rajana/ros2_ws/src/install/my_cpp_pkg/share/my_cpp_pkg/local_setup.zsh
[15.950s] -- Installing: /home/rajana/ros2_ws/src/install/my_cpp_pkg/share/my_cpp_pkg/local_setup.dsv
[15.950s] -- Installing: /home/rajana/ros2_ws/src/install/my_cpp_pkg/share/my_cpp_pkg/package.dsv
[15.950s] -- Installing: /home/rajana/ros2_ws/src/install/my_cpp_pkg/share/ament_index/resource_index/packages/my_cpp_pkg
[15.950s] -- Installing: /home/rajana/ros2_ws/src/install/my_cpp_pkg/share/my_cpp_pkg/cmake/my_cpp_pkgConfig.cmake
[15.950s] -- Installing: /home/rajana/ros2_ws/src/install/my_cpp_pkg/share/my_cpp_pkg/cmake/my_cpp_pkgConfig-version.cmake
[15.950s] -- Installing: /home/rajana/ros2_ws/src/install/my_cpp_pkg/share/my_cpp_pkg/package.xml
[15.952s] Invoked command in '/home/rajana/ros2_ws/src/build/my_cpp_pkg' returned '0': CMAKE_PREFIX_PATH=${CMAKE_PREFIX_PATH}:/home/rajana/ros2_ws/install/my_py_pkg:/opt/ros/humble /usr/bin/cmake --install /home/rajana/ros2_ws/src/build/my_cpp_pkg
