[0.422s] Invoking command in '/home/rajana/ros2_ws/build/my_py_pkg': PYTHONPATH=/home/rajana/ros2_ws/build/my_py_pkg/prefix_override:/home/rajana/ros2_ws/install/my_py_pkg/lib/python3.10/site-packages:${PYTHONPATH} /usr/bin/python3 setup.py develop --editable --build-directory /home/rajana/ros2_ws/build/my_py_pkg/build --no-deps install_data
[0.594s] running develop
[0.594s] /usr/lib/python3/dist-packages/setuptools/command/easy_install.py:158: EasyInstallDeprecationWarning: easy_install command is deprecated. Use build and pip and other standards-based tools.
[0.595s]   warnings.warn(
[0.595s] /usr/lib/python3/dist-packages/setuptools/command/install.py:34: SetuptoolsDeprecationWarning: setup.py install is deprecated. Use build and pip and other standards-based tools.
[0.596s]   warnings.warn(
[0.698s] running egg_info
[0.698s] writing my_py_pkg.egg-info/PKG-INFO
[0.700s] writing dependency_links to my_py_pkg.egg-info/dependency_links.txt
[0.704s] writing entry points to my_py_pkg.egg-info/entry_points.txt
[0.714s] writing requirements to my_py_pkg.egg-info/requires.txt
[0.717s] writing top-level names to my_py_pkg.egg-info/top_level.txt
[0.733s] reading manifest file 'my_py_pkg.egg-info/SOURCES.txt'
[0.733s] writing manifest file 'my_py_pkg.egg-info/SOURCES.txt'
[0.738s] running build_ext
[0.738s] Creating /home/rajana/ros2_ws/install/my_py_pkg/lib/python3.10/site-packages/my-py-pkg.egg-link (link to .)
[0.740s] Installing py_node script to /home/rajana/ros2_ws/install/my_py_pkg/lib/my_py_pkg
[0.741s] 
[0.741s] Installed /home/rajana/ros2_ws/build/my_py_pkg
[0.741s] running install_data
[0.767s] Invoked command in '/home/rajana/ros2_ws/build/my_py_pkg' returned '0': PYTHONPATH=/home/rajana/ros2_ws/build/my_py_pkg/prefix_override:/home/rajana/ros2_ws/install/my_py_pkg/lib/python3.10/site-packages:${PYTHONPATH} /usr/bin/python3 setup.py develop --editable --build-directory /home/rajana/ros2_ws/build/my_py_pkg/build --no-deps install_data
