[0.063s] Invoking command in '/home/rajana/ros2_ws/build/my_cpp_pkg': CMAKE_PREFIX_PATH=${CMAKE_PREFIX_PATH}:/home/rajana/ros2_ws/install/my_py_pkg:/opt/ros/humble /usr/bin/cmake --build /home/rajana/ros2_ws/build/my_cpp_pkg -- -j8 -l8
[0.936s] -- Found ament_cmake: 1.3.5 (/opt/ros/humble/share/ament_cmake/cmake)
[1.789s] -- Found rclcpp: 16.0.5 (/opt/ros/humble/share/rclcpp/cmake)
[2.204s] -- Found rosidl_generator_c: 3.1.5 (/opt/ros/humble/share/rosidl_generator_c/cmake)
[2.246s] -- Found rosidl_adapter: 3.1.5 (/opt/ros/humble/share/rosidl_adapter/cmake)
[2.338s] -- Found rosidl_generator_cpp: 3.1.5 (/opt/ros/humble/share/rosidl_generator_cpp/cmake)
[2.515s] -- Using all available rosidl_typesupport_c: rosidl_typesupport_fastrtps_c;rosidl_typesupport_introspection_c
[2.572s] -- Using all available rosidl_typesupport_cpp: rosidl_typesupport_fastrtps_cpp;rosidl_typesupport_introspection_cpp
[2.853s] -- Found rmw_implementation_cmake: 6.1.1 (/opt/ros/humble/share/rmw_implementation_cmake/cmake)
[2.905s] -- Found rmw_fastrtps_cpp: 6.2.3 (/opt/ros/humble/share/rmw_fastrtps_cpp/cmake)
[3.677s] -- Using RMW implementation 'rmw_fastrtps_cpp' as default
[4.093s] -- Found example_interfaces: 0.9.3 (/opt/ros/humble/share/example_interfaces/cmake)
[4.280s] -- Found ament_lint_auto: 0.12.7 (/opt/ros/humble/share/ament_lint_auto/cmake)
[4.494s] -- Added test 'cppcheck' to perform static code analysis on C / C++ code
[4.494s] -- Configured cppcheck include dirs: 
[4.495s] -- Configured cppcheck exclude dirs and/or files: 
[4.496s] -- Added test 'lint_cmake' to check CMake code style
[4.500s] -- Added test 'uncrustify' to check C / C++ code style
[4.500s] -- Configured uncrustify additional arguments: 
[4.501s] -- Added test 'xmllint' to check XML markup files
[4.504s] -- Configuring done
[4.510s] [31mCMake Error at CMakeLists.txt:35 (add_executable):
[4.510s]   Cannot find source file:
[4.510s] 
[4.511s]     src/add_two_ints_server.cpp
[4.511s] 
[4.511s]   Tried extensions .c .C .c++ .cc .cpp .cxx .cu .mpp .m .M .mm .ixx .cppm .h
[4.511s]   .hh .h++ .hm .hpp .hxx .in .txx .f .F .for .f77 .f90 .f95 .f03 .hip .ispc
[4.511s] 
[4.511s] [0m
[4.511s] [31mCMake Error at CMakeLists.txt:35 (add_executable):
[4.511s]   No SOURCES given to target: add_two_ints_server
[4.511s] 
[4.511s] [0m
[4.512s] [0mCMake Generate step failed.  Build files cannot be regenerated correctly.[0m
[4.516s] gmake: *** [Makefile:349: cmake_check_build_system] Error 1
[4.518s] Invoked command in '/home/rajana/ros2_ws/build/my_cpp_pkg' returned '2': CMAKE_PREFIX_PATH=${CMAKE_PREFIX_PATH}:/home/rajana/ros2_ws/install/my_py_pkg:/opt/ros/humble /usr/bin/cmake --build /home/rajana/ros2_ws/build/my_cpp_pkg -- -j8 -l8
