[0.450s] Invoking command in '/home/rajana/ros2_ws/src/my_py_pkg': PYTHONPATH=/home/rajana/ros2_ws/build/my_py_pkg/prefix_override:/home/rajana/ros2_ws/install/my_py_pkg/lib/python3.10/site-packages:${PYTHONPATH} /usr/bin/python3 setup.py egg_info --egg-base ../../build/my_py_pkg build --build-base /home/rajana/ros2_ws/build/my_py_pkg/build install --record /home/rajana/ros2_ws/build/my_py_pkg/install.log --single-version-externally-managed
[0.618s] running egg_info
[0.618s] writing ../../build/my_py_pkg/my_py_pkg.egg-info/PKG-INFO
[0.618s] writing dependency_links to ../../build/my_py_pkg/my_py_pkg.egg-info/dependency_links.txt
[0.618s] writing entry points to ../../build/my_py_pkg/my_py_pkg.egg-info/entry_points.txt
[0.618s] writing requirements to ../../build/my_py_pkg/my_py_pkg.egg-info/requires.txt
[0.618s] writing top-level names to ../../build/my_py_pkg/my_py_pkg.egg-info/top_level.txt
[0.623s] reading manifest file '../../build/my_py_pkg/my_py_pkg.egg-info/SOURCES.txt'
[0.624s] writing manifest file '../../build/my_py_pkg/my_py_pkg.egg-info/SOURCES.txt'
[0.624s] running build
[0.624s] running build_py
[0.625s] copying my_py_pkg/my_first_node.py -> /home/rajana/ros2_ws/build/my_py_pkg/build/lib/my_py_pkg
[0.625s] running install
[0.625s] /usr/lib/python3/dist-packages/setuptools/command/install.py:34: SetuptoolsDeprecationWarning: setup.py install is deprecated. Use build and pip and other standards-based tools.
[0.625s]   warnings.warn(
[0.625s] running install_lib
[0.626s] copying /home/rajana/ros2_ws/build/my_py_pkg/build/lib/my_py_pkg/my_first_node.py -> /home/rajana/ros2_ws/install/my_py_pkg/lib/python3.10/site-packages/my_py_pkg
[0.626s] byte-compiling /home/rajana/ros2_ws/install/my_py_pkg/lib/python3.10/site-packages/my_py_pkg/my_first_node.py to my_first_node.cpython-310.pyc
[0.627s] running install_data
[0.627s] running install_egg_info
[0.628s] removing '/home/rajana/ros2_ws/install/my_py_pkg/lib/python3.10/site-packages/my_py_pkg-0.0.0-py3.10.egg-info' (and everything under it)
[0.629s] Copying ../../build/my_py_pkg/my_py_pkg.egg-info to /home/rajana/ros2_ws/install/my_py_pkg/lib/python3.10/site-packages/my_py_pkg-0.0.0-py3.10.egg-info
[0.629s] running install_scripts
[0.646s] Installing py_node script to /home/rajana/ros2_ws/install/my_py_pkg/lib/my_py_pkg
[0.646s] writing list of installed files to '/home/rajana/ros2_ws/build/my_py_pkg/install.log'
[0.665s] Invoked command in '/home/rajana/ros2_ws/src/my_py_pkg' returned '0': PYTHONPATH=/home/rajana/ros2_ws/build/my_py_pkg/prefix_override:/home/rajana/ros2_ws/install/my_py_pkg/lib/python3.10/site-packages:${PYTHONPATH} /usr/bin/python3 setup.py egg_info --egg-base ../../build/my_py_pkg build --build-base /home/rajana/ros2_ws/build/my_py_pkg/build install --record /home/rajana/ros2_ws/build/my_py_pkg/install.log --single-version-externally-managed
